Using a slow image processor as `use_fast` is unset and a slow processor was saved with this model. `use_fast=True` will be the default behavior in v4.52, even if the model was saved with a slow processor. This will result in minor differences in outputs. You'll still be able to use a slow processor with `use_fast=False`.
`torch_dtype` is deprecated! Use `dtype` instead!
Loading model from registry: spatialvla-4b (IPEC-COMMUNITY/spatialvla-4b-224-pt)
  Architecture: gemma2, Auto class: AutoModel
  Applied SpatialVLA monkey-patch: _validate_images_text_input_order
Loading checkpoint shards:   0%|          | 0/2 [00:00<?, ?it/s]Loading checkpoint shards:  50%|█████     | 1/2 [00:00<00:00,  5.36it/s]Loading checkpoint shards: 100%|██████████| 2/2 [00:00<00:00,  4.68it/s]Loading checkpoint shards: 100%|██████████| 2/2 [00:00<00:00,  4.77it/s]
  Loaded: 26L x 8H, hidden=2304, dtype=bfloat16
  Layers path: language_model.model.layers
Model loaded successfully.
  D0 [1/20] skill=pick NLL=N/A top1=0.5063 H=2.554
  D0 [2/20] skill=move NLL=N/A top1=0.1248 H=4.631
  D0 [3/20] skill=fold NLL=N/A top1=0.2535 H=4.843
  D0 [4/20] skill=place NLL=N/A top1=0.4072 H=2.693
  D0 [5/20] skill=pick NLL=N/A top1=0.4585 H=2.444
  D0 [6/20] skill=move NLL=N/A top1=0.3701 H=3.250
  D0 [7/20] skill=open NLL=N/A top1=0.8430 H=0.923
  D0 [8/20] skill=pick NLL=N/A top1=0.2941 H=4.160
  D0 [9/20] skill=fold NLL=N/A top1=0.4191 H=2.521
  D0 [10/20] skill=pick NLL=N/A top1=0.0700 H=5.361
  D0 [11/20] skill=fold NLL=N/A top1=0.3462 H=2.858
  D0 [12/20] skill=place NLL=N/A top1=0.7622 H=1.221
  D0 [13/20] skill=close NLL=N/A top1=0.3494 H=3.487
  D0 [14/20] skill=pick NLL=N/A top1=0.1812 H=4.457
  D0 [15/20] skill=place NLL=N/A top1=0.1864 H=5.805
  D0 [16/20] skill=place NLL=N/A top1=0.2821 H=3.545
  D0 [17/20] skill=close NLL=N/A top1=0.7420 H=1.276
  D0 [18/20] skill=move NLL=N/A top1=0.7355 H=1.663
  D0 [19/20] skill=pick NLL=N/A top1=0.2478 H=4.136
  D0 [20/20] skill=place NLL=N/A top1=0.2309 H=3.827
  Text input_ids length: 270
  Full sequence length (after vision expansion): 270
  Vision tokens (from seq diff): 0, Text tokens: 270
  (Processor-embedded vision tokens detected: 256 at [0:256])
  Token boundaries: {'vision_start': 0, 'vision_end': 256, 'text_start': 256, 'text_end': 270, 'total_seq_len': 270, 'num_vision_tokens': 256, 'num_text_tokens': 270, 'pre_image_tokens': 0, 'text_query_ranges': [(256, 270)], 'text_ranges': [(256, 270)]}
  D1 [1/20] skill=pick H=2.554 top1=0.506
  Text input_ids length: 275
  Full sequence length (after vision expansion): 275
  Vision tokens (from seq diff): 0, Text tokens: 275
  (Processor-embedded vision tokens detected: 256 at [0:256])
  Token boundaries: {'vision_start': 0, 'vision_end': 256, 'text_start': 256, 'text_end': 275, 'total_seq_len': 275, 'num_vision_tokens': 256, 'num_text_tokens': 275, 'pre_image_tokens': 0, 'text_query_ranges': [(256, 275)], 'text_ranges': [(256, 275)]}
  D1 [2/20] skill=move H=4.631 top1=0.125
  Text input_ids length: 271
  Full sequence length (after vision expansion): 271
  Vision tokens (from seq diff): 0, Text tokens: 271
  (Processor-embedded vision tokens detected: 256 at [0:256])
  Token boundaries: {'vision_start': 0, 'vision_end': 256, 'text_start': 256, 'text_end': 271, 'total_seq_len': 271, 'num_vision_tokens': 256, 'num_text_tokens': 271, 'pre_image_tokens': 0, 'text_query_ranges': [(256, 271)], 'text_ranges': [(256, 271)]}
  D1 [3/20] skill=fold H=4.843 top1=0.254
  Text input_ids length: 273
  Full sequence length (after vision expansion): 273
  Vision tokens (from seq diff): 0, Text tokens: 273
  (Processor-embedded vision tokens detected: 256 at [0:256])
  Token boundaries: {'vision_start': 0, 'vision_end': 256, 'text_start': 256, 'text_end': 273, 'total_seq_len': 273, 'num_vision_tokens': 256, 'num_text_tokens': 273, 'pre_image_tokens': 0, 'text_query_ranges': [(256, 273)], 'text_ranges': [(256, 273)]}
  D1 [4/20] skill=place H=2.693 top1=0.407
  Text input_ids length: 271
  Full sequence length (after vision expansion): 271
  Vision tokens (from seq diff): 0, Text tokens: 271
  (Processor-embedded vision tokens detected: 256 at [0:256])
  Token boundaries: {'vision_start': 0, 'vision_end': 256, 'text_start': 256, 'text_end': 271, 'total_seq_len': 271, 'num_vision_tokens': 256, 'num_text_tokens': 271, 'pre_image_tokens': 0, 'text_query_ranges': [(256, 271)], 'text_ranges': [(256, 271)]}
  D1 [5/20] skill=pick H=2.444 top1=0.459
  Text input_ids length: 281
  Full sequence length (after vision expansion): 281
  Vision tokens (from seq diff): 0, Text tokens: 281
  (Processor-embedded vision tokens detected: 256 at [0:256])
  Token boundaries: {'vision_start': 0, 'vision_end': 256, 'text_start': 256, 'text_end': 281, 'total_seq_len': 281, 'num_vision_tokens': 256, 'num_text_tokens': 281, 'pre_image_tokens': 0, 'text_query_ranges': [(256, 281)], 'text_ranges': [(256, 281)]}
  D1 [6/20] skill=move H=3.250 top1=0.370
  Text input_ids length: 267
  Full sequence length (after vision expansion): 267
  Vision tokens (from seq diff): 0, Text tokens: 267
  (Processor-embedded vision tokens detected: 256 at [0:256])
  Token boundaries: {'vision_start': 0, 'vision_end': 256, 'text_start': 256, 'text_end': 267, 'total_seq_len': 267, 'num_vision_tokens': 256, 'num_text_tokens': 267, 'pre_image_tokens': 0, 'text_query_ranges': [(256, 267)], 'text_ranges': [(256, 267)]}
  D1 [7/20] skill=open H=0.923 top1=0.843
  Text input_ids length: 271
  Full sequence length (after vision expansion): 271
  Vision tokens (from seq diff): 0, Text tokens: 271
  (Processor-embedded vision tokens detected: 256 at [0:256])
  Token boundaries: {'vision_start': 0, 'vision_end': 256, 'text_start': 256, 'text_end': 271, 'total_seq_len': 271, 'num_vision_tokens': 256, 'num_text_tokens': 271, 'pre_image_tokens': 0, 'text_query_ranges': [(256, 271)], 'text_ranges': [(256, 271)]}
  D1 [8/20] skill=pick H=4.160 top1=0.294
  Text input_ids length: 273
  Full sequence length (after vision expansion): 273
  Vision tokens (from seq diff): 0, Text tokens: 273
  (Processor-embedded vision tokens detected: 256 at [0:256])
  Token boundaries: {'vision_start': 0, 'vision_end': 256, 'text_start': 256, 'text_end': 273, 'total_seq_len': 273, 'num_vision_tokens': 256, 'num_text_tokens': 273, 'pre_image_tokens': 0, 'text_query_ranges': [(256, 273)], 'text_ranges': [(256, 273)]}
  D1 [9/20] skill=fold H=2.521 top1=0.419
  Text input_ids length: 269
  Full sequence length (after vision expansion): 269
  Vision tokens (from seq diff): 0, Text tokens: 269
  (Processor-embedded vision tokens detected: 256 at [0:256])
  Token boundaries: {'vision_start': 0, 'vision_end': 256, 'text_start': 256, 'text_end': 269, 'total_seq_len': 269, 'num_vision_tokens': 256, 'num_text_tokens': 269, 'pre_image_tokens': 0, 'text_query_ranges': [(256, 269)], 'text_ranges': [(256, 269)]}
  D1 [10/20] skill=pick H=5.361 top1=0.070
  Text input_ids length: 271
  Full sequence length (after vision expansion): 271
  Vision tokens (from seq diff): 0, Text tokens: 271
  (Processor-embedded vision tokens detected: 256 at [0:256])
  Token boundaries: {'vision_start': 0, 'vision_end': 256, 'text_start': 256, 'text_end': 271, 'total_seq_len': 271, 'num_vision_tokens': 256, 'num_text_tokens': 271, 'pre_image_tokens': 0, 'text_query_ranges': [(256, 271)], 'text_ranges': [(256, 271)]}
  D1 [11/20] skill=fold H=2.858 top1=0.346
  Text input_ids length: 267
  Full sequence length (after vision expansion): 267
  Vision tokens (from seq diff): 0, Text tokens: 267
  (Processor-embedded vision tokens detected: 256 at [0:256])
  Token boundaries: {'vision_start': 0, 'vision_end': 256, 'text_start': 256, 'text_end': 267, 'total_seq_len': 267, 'num_vision_tokens': 256, 'num_text_tokens': 267, 'pre_image_tokens': 0, 'text_query_ranges': [(256, 267)], 'text_ranges': [(256, 267)]}
  D1 [12/20] skill=place H=1.221 top1=0.762
  Text input_ids length: 266
  Full sequence length (after vision expansion): 266
  Vision tokens (from seq diff): 0, Text tokens: 266
  (Processor-embedded vision tokens detected: 256 at [0:256])
  Token boundaries: {'vision_start': 0, 'vision_end': 256, 'text_start': 256, 'text_end': 266, 'total_seq_len': 266, 'num_vision_tokens': 256, 'num_text_tokens': 266, 'pre_image_tokens': 0, 'text_query_ranges': [(256, 266)], 'text_ranges': [(256, 266)]}
  D1 [13/20] skill=close H=3.487 top1=0.349
  Text input_ids length: 275
  Full sequence length (after vision expansion): 275
  Vision tokens (from seq diff): 0, Text tokens: 275
  (Processor-embedded vision tokens detected: 256 at [0:256])
  Token boundaries: {'vision_start': 0, 'vision_end': 256, 'text_start': 256, 'text_end': 275, 'total_seq_len': 275, 'num_vision_tokens': 256, 'num_text_tokens': 275, 'pre_image_tokens': 0, 'text_query_ranges': [(256, 275)], 'text_ranges': [(256, 275)]}
  D1 [14/20] skill=pick H=4.457 top1=0.181
  Text input_ids length: 268
  Full sequence length (after vision expansion): 268
/home/kana5123/ATLASVLA/run_phase3_exp_de.py:858: ConstantInputWarning: An input array is constant; the correlation coefficient is not defined.
  rho, p = spearmanr(anchors, entropies)
/home/kana5123/ATLASVLA/run_phase3_exp_de.py:863: ConstantInputWarning: An input array is constant; the correlation coefficient is not defined.
  rho, p = spearmanr(
  Vision tokens (from seq diff): 0, Text tokens: 268
  (Processor-embedded vision tokens detected: 256 at [0:256])
  Token boundaries: {'vision_start': 0, 'vision_end': 256, 'text_start': 256, 'text_end': 268, 'total_seq_len': 268, 'num_vision_tokens': 256, 'num_text_tokens': 268, 'pre_image_tokens': 0, 'text_query_ranges': [(256, 268)], 'text_ranges': [(256, 268)]}
  D1 [15/20] skill=place H=5.805 top1=0.186
  Text input_ids length: 272
  Full sequence length (after vision expansion): 272
  Vision tokens (from seq diff): 0, Text tokens: 272
  (Processor-embedded vision tokens detected: 256 at [0:256])
  Token boundaries: {'vision_start': 0, 'vision_end': 256, 'text_start': 256, 'text_end': 272, 'total_seq_len': 272, 'num_vision_tokens': 256, 'num_text_tokens': 272, 'pre_image_tokens': 0, 'text_query_ranges': [(256, 272)], 'text_ranges': [(256, 272)]}
  D1 [16/20] skill=place H=3.545 top1=0.282
  Text input_ids length: 266
  Full sequence length (after vision expansion): 266
  Vision tokens (from seq diff): 0, Text tokens: 266
  (Processor-embedded vision tokens detected: 256 at [0:256])
  Token boundaries: {'vision_start': 0, 'vision_end': 256, 'text_start': 256, 'text_end': 266, 'total_seq_len': 266, 'num_vision_tokens': 256, 'num_text_tokens': 266, 'pre_image_tokens': 0, 'text_query_ranges': [(256, 266)], 'text_ranges': [(256, 266)]}
  D1 [17/20] skill=close H=1.276 top1=0.742
  Text input_ids length: 275
  Full sequence length (after vision expansion): 275
  Vision tokens (from seq diff): 0, Text tokens: 275
  (Processor-embedded vision tokens detected: 256 at [0:256])
  Token boundaries: {'vision_start': 0, 'vision_end': 256, 'text_start': 256, 'text_end': 275, 'total_seq_len': 275, 'num_vision_tokens': 256, 'num_text_tokens': 275, 'pre_image_tokens': 0, 'text_query_ranges': [(256, 275)], 'text_ranges': [(256, 275)]}
  D1 [18/20] skill=move H=1.663 top1=0.735
  Text input_ids length: 280
  Full sequence length (after vision expansion): 280
  Vision tokens (from seq diff): 0, Text tokens: 280
  (Processor-embedded vision tokens detected: 256 at [0:256])
  Token boundaries: {'vision_start': 0, 'vision_end': 256, 'text_start': 256, 'text_end': 280, 'total_seq_len': 280, 'num_vision_tokens': 256, 'num_text_tokens': 280, 'pre_image_tokens': 0, 'text_query_ranges': [(256, 280)], 'text_ranges': [(256, 280)]}
  D1 [19/20] skill=pick H=4.136 top1=0.248
  Text input_ids length: 278
  Full sequence length (after vision expansion): 278
  Vision tokens (from seq diff): 0, Text tokens: 278
  (Processor-embedded vision tokens detected: 256 at [0:256])
  Token boundaries: {'vision_start': 0, 'vision_end': 256, 'text_start': 256, 'text_end': 278, 'total_seq_len': 278, 'num_vision_tokens': 256, 'num_text_tokens': 278, 'pre_image_tokens': 0, 'text_query_ranges': [(256, 278)], 'text_ranges': [(256, 278)]}
  D1 [20/20] skill=place H=3.827 top1=0.231

  D1 Summary: mean_entropy=3.283, mean_top1_prob=0.391
  D2 [1/20] consistency=1.00 mean_kl=0.257
  D2 [2/20] consistency=0.40 mean_kl=0.439
  D2 [3/20] consistency=0.80 mean_kl=0.360
  D2 [4/20] consistency=0.60 mean_kl=0.578
  D2 [5/20] consistency=0.60 mean_kl=0.414
  D2 [6/20] consistency=0.80 mean_kl=0.233
  D2 [7/20] consistency=1.00 mean_kl=0.079
  D2 [8/20] consistency=1.00 mean_kl=0.248
  D2 [9/20] consistency=0.80 mean_kl=0.423
  D2 [10/20] consistency=0.40 mean_kl=0.302
  D2 [11/20] consistency=0.40 mean_kl=0.288
  D2 [12/20] consistency=0.80 mean_kl=0.202
  D2 [13/20] consistency=0.60 mean_kl=0.333
  D2 [14/20] consistency=0.80 mean_kl=0.227
  D2 [15/20] consistency=1.00 mean_kl=0.209
  D2 [16/20] consistency=1.00 mean_kl=0.183
  D2 [17/20] consistency=0.80 mean_kl=0.494
  D2 [18/20] consistency=1.00 mean_kl=0.088
  D2 [19/20] consistency=1.00 mean_kl=0.218
  D2 [20/20] consistency=1.00 mean_kl=0.126

  D2 Summary: mean_consistency=0.790
  Anchor: rel=225, abs=225, is_anchored=True
  V=0 applied to deep layers only: [16, 17, 18, 19, 20, 21, 22, 23, 24, 25]
  D3 [1/20] KL=0.165 top1_changed=False
  D3 [2/20] KL=0.270 top1_changed=True
  D3 [3/20] KL=0.713 top1_changed=False
  D3 [4/20] KL=0.097 top1_changed=False
  D3 [5/20] KL=0.202 top1_changed=False
  D3 [6/20] KL=0.091 top1_changed=False
  D3 [7/20] KL=0.010 top1_changed=False
  D3 [8/20] KL=0.338 top1_changed=True
  D3 [9/20] KL=0.036 top1_changed=False
  D3 [10/20] KL=0.261 top1_changed=True
  D3 [11/20] KL=0.262 top1_changed=True
  D3 [12/20] KL=0.014 top1_changed=False
  D3 [13/20] KL=0.297 top1_changed=False
  D3 [14/20] KL=0.125 top1_changed=False
  D3 [15/20] KL=0.449 top1_changed=False
  D3 [16/20] KL=0.126 top1_changed=False
  D3 [17/20] KL=0.076 top1_changed=False
  D3 [18/20] KL=0.107 top1_changed=False
  D3 [19/20] KL=0.146 top1_changed=False
  D3 [20/20] KL=0.109 top1_changed=False

  D3 Summary: mean_KL=0.195, top1_change_rate=0.200
  Anchor targets: [{'target_abs': 225, 'mode': 'A_mode', 'anchor_rel': 225, 'is_anchored': True}]

  === Baseline pass (alpha=1.0) ===

  === Alpha=0.0 ===
  Alpha=0.0: H=2.832, change=0.200, C-anchoring=0.000 [A_mode=0.000], top1_C_proxy=0.257, C_entropy=3.376

  === Alpha=0.1 ===
  Alpha=0.1: H=2.832, change=0.200, C-anchoring=0.000 [A_mode=0.000], top1_C_proxy=0.258, C_entropy=3.372

  === Alpha=0.3 ===
  Alpha=0.3: H=2.875, change=0.150, C-anchoring=0.000 [A_mode=0.000], top1_C_proxy=0.258, C_entropy=3.373

  === Alpha=0.5 ===
  Alpha=0.5: H=2.969, change=0.150, C-anchoring=0.000 [A_mode=0.000], top1_C_proxy=0.257, C_entropy=3.377

  === Alpha=0.7 ===
  Alpha=0.7: H=3.083, change=0.100, C-anchoring=0.000 [A_mode=0.000], top1_C_proxy=0.258, C_entropy=3.375
  Correlation: {'n_samples': 10, 'anchor_vs_entropy': {'rho': nan, 'p': nan}, 'anchor_vs_consistency': {'rho': nan, 'p': nan}}

All experiments complete. Results in: /home/kana5123/ATLASVLA/outputs/phase3_gate/verification/spatialvla-4b
