openvla/openvla-7b
2026-02-27 07:31:20.603549: I tensorflow/core/util/port.cc:153] oneDNN custom operations are on. You may see slightly different numerical results due to floating-point round-off errors from different computation orders. To turn them off, set the environment variable `TF_ENABLE_ONEDNN_OPTS=0`.
2026-02-27 07:31:20.664729: I tensorflow/core/platform/cpu_feature_guard.cc:210] This TensorFlow binary is optimized to use available CPU instructions in performance-critical operations.
To enable the following instructions: AVX2 AVX512F AVX512_VNNI AVX512_BF16 AVX512_FP16 AVX_VNNI AMX_TILE AMX_INT8 AMX_BF16 FMA, in other operations, rebuild TensorFlow with the appropriate compiler flags.
2026-02-27 07:31:22.002378: I tensorflow/core/util/port.cc:153] oneDNN custom operations are on. You may see slightly different numerical results due to floating-point round-off errors from different computation orders. To turn them off, set the environment variable `TF_ENABLE_ONEDNN_OPTS=0`.
/home/kana5123/miniconda3/envs/simpler/lib/python3.10/site-packages/sapien/core/renderer_config.py:4: UserWarning: pkg_resources is deprecated as an API. See https://setuptools.pypa.io/en/latest/pkg_resources.html. The pkg_resources package is slated for removal as early as 2025-11-30. Refrain from using this package or pin to Setuptools<81.
  import pkg_resources
WARNING: All log messages before absl::InitializeLog() is called are written to STDERR
W0000 00:00:1772177484.164179 3086692 gpu_device.cc:2342] Cannot dlopen some GPU libraries. Please make sure the missing libraries mentioned above are installed properly if you would like to use GPU. Follow the guide at https://www.tensorflow.org/install/gpu for how to download and setup the required libraries for your platform.
Skipping registering GPU devices...
/home/kana5123/miniconda3/envs/simpler/lib/python3.10/site-packages/huggingface_hub/file_download.py:949: FutureWarning: `resume_download` is deprecated and will be removed in version 1.0.0. Downloads always resume when possible. If you want to force a new download, use `force_download=True`.
  warnings.warn(
Octo is not correctly imported.
No module named 'jax'
**** openvla ****
*** policy_setup: google_robot, unnorm_key: fractal20220817_data ***
Traceback (most recent call last):
  File "/home/kana5123/capston/external/SimplerEnv-OpenVLA/simpler_env/main_inference.py", line 58, in <module>
    model = OpenVLAInference(
  File "/home/kana5123/capston/external/SimplerEnv-OpenVLA/simpler_env/policies/openvla/openvla_model.py", line 39, in __init__
    self.processor = AutoProcessor.from_pretrained(saved_model_path, trust_remote_code=True)
  File "/home/kana5123/miniconda3/envs/simpler/lib/python3.10/site-packages/transformers/models/auto/processing_auto.py", line 304, in from_pretrained
    processor_class = get_class_from_dynamic_module(
  File "/home/kana5123/miniconda3/envs/simpler/lib/python3.10/site-packages/transformers/dynamic_module_utils.py", line 489, in get_class_from_dynamic_module
    final_module = get_cached_module_file(
  File "/home/kana5123/miniconda3/envs/simpler/lib/python3.10/site-packages/transformers/dynamic_module_utils.py", line 315, in get_cached_module_file
    modules_needed = check_imports(resolved_module_file)
  File "/home/kana5123/miniconda3/envs/simpler/lib/python3.10/site-packages/transformers/dynamic_module_utils.py", line 175, in check_imports
    importlib.import_module(imp)
  File "/home/kana5123/miniconda3/envs/simpler/lib/python3.10/importlib/__init__.py", line 126, in import_module
    return _bootstrap._gcd_import(name[level:], package, level)
  File "<frozen importlib._bootstrap>", line 1050, in _gcd_import
  File "<frozen importlib._bootstrap>", line 1027, in _find_and_load
  File "<frozen importlib._bootstrap>", line 1006, in _find_and_load_unlocked
  File "<frozen importlib._bootstrap>", line 688, in _load_unlocked
  File "<frozen importlib._bootstrap_external>", line 883, in exec_module
  File "<frozen importlib._bootstrap>", line 241, in _call_with_frames_removed
  File "/home/kana5123/miniconda3/envs/simpler/lib/python3.10/site-packages/timm/__init__.py", line 2, in <module>
    from .layers import is_scriptable, is_exportable, set_scriptable, set_exportable
  File "/home/kana5123/miniconda3/envs/simpler/lib/python3.10/site-packages/timm/layers/__init__.py", line 7, in <module>
    from .classifier import ClassifierHead, create_classifier, NormMlpClassifierHead
  File "/home/kana5123/miniconda3/envs/simpler/lib/python3.10/site-packages/timm/layers/classifier.py", line 15, in <module>
    from .create_norm import get_norm_layer
  File "/home/kana5123/miniconda3/envs/simpler/lib/python3.10/site-packages/timm/layers/create_norm.py", line 14, in <module>
    from torchvision.ops.misc import FrozenBatchNorm2d
  File "/home/kana5123/.local/lib/python3.10/site-packages/torchvision/__init__.py", line 10, in <module>
    from torchvision import _meta_registrations, datasets, io, models, ops, transforms, utils  # usort:skip
  File "/home/kana5123/.local/lib/python3.10/site-packages/torchvision/_meta_registrations.py", line 163, in <module>
    @torch.library.register_fake("torchvision::nms")
AttributeError: module 'torch.library' has no attribute 'register_fake'
2026-02-27 07:31:28.707599: I tensorflow/core/util/port.cc:153] oneDNN custom operations are on. You may see slightly different numerical results due to floating-point round-off errors from different computation orders. To turn them off, set the environment variable `TF_ENABLE_ONEDNN_OPTS=0`.
2026-02-27 07:31:28.767490: I tensorflow/core/platform/cpu_feature_guard.cc:210] This TensorFlow binary is optimized to use available CPU instructions in performance-critical operations.
To enable the following instructions: AVX2 AVX512F AVX512_VNNI AVX512_BF16 AVX512_FP16 AVX_VNNI AMX_TILE AMX_INT8 AMX_BF16 FMA, in other operations, rebuild TensorFlow with the appropriate compiler flags.
2026-02-27 07:31:30.181331: I tensorflow/core/util/port.cc:153] oneDNN custom operations are on. You may see slightly different numerical results due to floating-point round-off errors from different computation orders. To turn them off, set the environment variable `TF_ENABLE_ONEDNN_OPTS=0`.
/home/kana5123/miniconda3/envs/simpler/lib/python3.10/site-packages/sapien/core/renderer_config.py:4: UserWarning: pkg_resources is deprecated as an API. See https://setuptools.pypa.io/en/latest/pkg_resources.html. The pkg_resources package is slated for removal as early as 2025-11-30. Refrain from using this package or pin to Setuptools<81.
  import pkg_resources
WARNING: All log messages before absl::InitializeLog() is called are written to STDERR
W0000 00:00:1772177492.213439 3087152 gpu_device.cc:2342] Cannot dlopen some GPU libraries. Please make sure the missing libraries mentioned above are installed properly if you would like to use GPU. Follow the guide at https://www.tensorflow.org/install/gpu for how to download and setup the required libraries for your platform.
Skipping registering GPU devices...
/home/kana5123/miniconda3/envs/simpler/lib/python3.10/site-packages/huggingface_hub/file_download.py:949: FutureWarning: `resume_download` is deprecated and will be removed in version 1.0.0. Downloads always resume when possible. If you want to force a new download, use `force_download=True`.
  warnings.warn(
Octo is not correctly imported.
No module named 'jax'
**** openvla ****
*** policy_setup: google_robot, unnorm_key: fractal20220817_data ***
Traceback (most recent call last):
  File "/home/kana5123/capston/external/SimplerEnv-OpenVLA/simpler_env/main_inference.py", line 58, in <module>
    model = OpenVLAInference(
  File "/home/kana5123/capston/external/SimplerEnv-OpenVLA/simpler_env/policies/openvla/openvla_model.py", line 39, in __init__
    self.processor = AutoProcessor.from_pretrained(saved_model_path, trust_remote_code=True)
  File "/home/kana5123/miniconda3/envs/simpler/lib/python3.10/site-packages/transformers/models/auto/processing_auto.py", line 304, in from_pretrained
    processor_class = get_class_from_dynamic_module(
  File "/home/kana5123/miniconda3/envs/simpler/lib/python3.10/site-packages/transformers/dynamic_module_utils.py", line 489, in get_class_from_dynamic_module
    final_module = get_cached_module_file(
  File "/home/kana5123/miniconda3/envs/simpler/lib/python3.10/site-packages/transformers/dynamic_module_utils.py", line 315, in get_cached_module_file
    modules_needed = check_imports(resolved_module_file)
  File "/home/kana5123/miniconda3/envs/simpler/lib/python3.10/site-packages/transformers/dynamic_module_utils.py", line 175, in check_imports
    importlib.import_module(imp)
  File "/home/kana5123/miniconda3/envs/simpler/lib/python3.10/importlib/__init__.py", line 126, in import_module
    return _bootstrap._gcd_import(name[level:], package, level)
  File "<frozen importlib._bootstrap>", line 1050, in _gcd_import
  File "<frozen importlib._bootstrap>", line 1027, in _find_and_load
  File "<frozen importlib._bootstrap>", line 1006, in _find_and_load_unlocked
  File "<frozen importlib._bootstrap>", line 688, in _load_unlocked
  File "<frozen importlib._bootstrap_external>", line 883, in exec_module
  File "<frozen importlib._bootstrap>", line 241, in _call_with_frames_removed
  File "/home/kana5123/miniconda3/envs/simpler/lib/python3.10/site-packages/timm/__init__.py", line 2, in <module>
    from .layers import is_scriptable, is_exportable, set_scriptable, set_exportable
  File "/home/kana5123/miniconda3/envs/simpler/lib/python3.10/site-packages/timm/layers/__init__.py", line 7, in <module>
    from .classifier import ClassifierHead, create_classifier, NormMlpClassifierHead
  File "/home/kana5123/miniconda3/envs/simpler/lib/python3.10/site-packages/timm/layers/classifier.py", line 15, in <module>
    from .create_norm import get_norm_layer
  File "/home/kana5123/miniconda3/envs/simpler/lib/python3.10/site-packages/timm/layers/create_norm.py", line 14, in <module>
    from torchvision.ops.misc import FrozenBatchNorm2d
  File "/home/kana5123/.local/lib/python3.10/site-packages/torchvision/__init__.py", line 10, in <module>
    from torchvision import _meta_registrations, datasets, io, models, ops, transforms, utils  # usort:skip
  File "/home/kana5123/.local/lib/python3.10/site-packages/torchvision/_meta_registrations.py", line 163, in <module>
    @torch.library.register_fake("torchvision::nms")
AttributeError: module 'torch.library' has no attribute 'register_fake'
2026-02-27 07:31:36.552146: I tensorflow/core/util/port.cc:153] oneDNN custom operations are on. You may see slightly different numerical results due to floating-point round-off errors from different computation orders. To turn them off, set the environment variable `TF_ENABLE_ONEDNN_OPTS=0`.
2026-02-27 07:31:36.612029: I tensorflow/core/platform/cpu_feature_guard.cc:210] This TensorFlow binary is optimized to use available CPU instructions in performance-critical operations.
To enable the following instructions: AVX2 AVX512F AVX512_VNNI AVX512_BF16 AVX512_FP16 AVX_VNNI AMX_TILE AMX_INT8 AMX_BF16 FMA, in other operations, rebuild TensorFlow with the appropriate compiler flags.
2026-02-27 07:31:38.029192: I tensorflow/core/util/port.cc:153] oneDNN custom operations are on. You may see slightly different numerical results due to floating-point round-off errors from different computation orders. To turn them off, set the environment variable `TF_ENABLE_ONEDNN_OPTS=0`.
/home/kana5123/miniconda3/envs/simpler/lib/python3.10/site-packages/sapien/core/renderer_config.py:4: UserWarning: pkg_resources is deprecated as an API. See https://setuptools.pypa.io/en/latest/pkg_resources.html. The pkg_resources package is slated for removal as early as 2025-11-30. Refrain from using this package or pin to Setuptools<81.
  import pkg_resources
WARNING: All log messages before absl::InitializeLog() is called are written to STDERR
W0000 00:00:1772177499.883709 3087583 gpu_device.cc:2342] Cannot dlopen some GPU libraries. Please make sure the missing libraries mentioned above are installed properly if you would like to use GPU. Follow the guide at https://www.tensorflow.org/install/gpu for how to download and setup the required libraries for your platform.
Skipping registering GPU devices...
/home/kana5123/miniconda3/envs/simpler/lib/python3.10/site-packages/huggingface_hub/file_download.py:949: FutureWarning: `resume_download` is deprecated and will be removed in version 1.0.0. Downloads always resume when possible. If you want to force a new download, use `force_download=True`.
  warnings.warn(
Octo is not correctly imported.
No module named 'jax'
**** openvla ****
*** policy_setup: google_robot, unnorm_key: fractal20220817_data ***
Traceback (most recent call last):
  File "/home/kana5123/capston/external/SimplerEnv-OpenVLA/simpler_env/main_inference.py", line 58, in <module>
    model = OpenVLAInference(
  File "/home/kana5123/capston/external/SimplerEnv-OpenVLA/simpler_env/policies/openvla/openvla_model.py", line 39, in __init__
    self.processor = AutoProcessor.from_pretrained(saved_model_path, trust_remote_code=True)
  File "/home/kana5123/miniconda3/envs/simpler/lib/python3.10/site-packages/transformers/models/auto/processing_auto.py", line 304, in from_pretrained
    processor_class = get_class_from_dynamic_module(
  File "/home/kana5123/miniconda3/envs/simpler/lib/python3.10/site-packages/transformers/dynamic_module_utils.py", line 489, in get_class_from_dynamic_module
    final_module = get_cached_module_file(
  File "/home/kana5123/miniconda3/envs/simpler/lib/python3.10/site-packages/transformers/dynamic_module_utils.py", line 315, in get_cached_module_file
    modules_needed = check_imports(resolved_module_file)
  File "/home/kana5123/miniconda3/envs/simpler/lib/python3.10/site-packages/transformers/dynamic_module_utils.py", line 175, in check_imports
    importlib.import_module(imp)
  File "/home/kana5123/miniconda3/envs/simpler/lib/python3.10/importlib/__init__.py", line 126, in import_module
    return _bootstrap._gcd_import(name[level:], package, level)
  File "<frozen importlib._bootstrap>", line 1050, in _gcd_import
  File "<frozen importlib._bootstrap>", line 1027, in _find_and_load
  File "<frozen importlib._bootstrap>", line 1006, in _find_and_load_unlocked
  File "<frozen importlib._bootstrap>", line 688, in _load_unlocked
  File "<frozen importlib._bootstrap_external>", line 883, in exec_module
  File "<frozen importlib._bootstrap>", line 241, in _call_with_frames_removed
  File "/home/kana5123/miniconda3/envs/simpler/lib/python3.10/site-packages/timm/__init__.py", line 2, in <module>
    from .layers import is_scriptable, is_exportable, set_scriptable, set_exportable
  File "/home/kana5123/miniconda3/envs/simpler/lib/python3.10/site-packages/timm/layers/__init__.py", line 7, in <module>
    from .classifier import ClassifierHead, create_classifier, NormMlpClassifierHead
  File "/home/kana5123/miniconda3/envs/simpler/lib/python3.10/site-packages/timm/layers/classifier.py", line 15, in <module>
    from .create_norm import get_norm_layer
  File "/home/kana5123/miniconda3/envs/simpler/lib/python3.10/site-packages/timm/layers/create_norm.py", line 14, in <module>
    from torchvision.ops.misc import FrozenBatchNorm2d
  File "/home/kana5123/.local/lib/python3.10/site-packages/torchvision/__init__.py", line 10, in <module>
    from torchvision import _meta_registrations, datasets, io, models, ops, transforms, utils  # usort:skip
  File "/home/kana5123/.local/lib/python3.10/site-packages/torchvision/_meta_registrations.py", line 163, in <module>
    @torch.library.register_fake("torchvision::nms")
AttributeError: module 'torch.library' has no attribute 'register_fake'
2026-02-27 07:31:44.352301: I tensorflow/core/util/port.cc:153] oneDNN custom operations are on. You may see slightly different numerical results due to floating-point round-off errors from different computation orders. To turn them off, set the environment variable `TF_ENABLE_ONEDNN_OPTS=0`.
2026-02-27 07:31:44.414359: I tensorflow/core/platform/cpu_feature_guard.cc:210] This TensorFlow binary is optimized to use available CPU instructions in performance-critical operations.
To enable the following instructions: AVX2 AVX512F AVX512_VNNI AVX512_BF16 AVX512_FP16 AVX_VNNI AMX_TILE AMX_INT8 AMX_BF16 FMA, in other operations, rebuild TensorFlow with the appropriate compiler flags.
2026-02-27 07:31:45.803005: I tensorflow/core/util/port.cc:153] oneDNN custom operations are on. You may see slightly different numerical results due to floating-point round-off errors from different computation orders. To turn them off, set the environment variable `TF_ENABLE_ONEDNN_OPTS=0`.
/home/kana5123/miniconda3/envs/simpler/lib/python3.10/site-packages/sapien/core/renderer_config.py:4: UserWarning: pkg_resources is deprecated as an API. See https://setuptools.pypa.io/en/latest/pkg_resources.html. The pkg_resources package is slated for removal as early as 2025-11-30. Refrain from using this package or pin to Setuptools<81.
  import pkg_resources
WARNING: All log messages before absl::InitializeLog() is called are written to STDERR
W0000 00:00:1772177507.835953 3088032 gpu_device.cc:2342] Cannot dlopen some GPU libraries. Please make sure the missing libraries mentioned above are installed properly if you would like to use GPU. Follow the guide at https://www.tensorflow.org/install/gpu for how to download and setup the required libraries for your platform.
Skipping registering GPU devices...
/home/kana5123/miniconda3/envs/simpler/lib/python3.10/site-packages/huggingface_hub/file_download.py:949: FutureWarning: `resume_download` is deprecated and will be removed in version 1.0.0. Downloads always resume when possible. If you want to force a new download, use `force_download=True`.
  warnings.warn(
Octo is not correctly imported.
No module named 'jax'
**** openvla ****
*** policy_setup: google_robot, unnorm_key: fractal20220817_data ***
Traceback (most recent call last):
  File "/home/kana5123/capston/external/SimplerEnv-OpenVLA/simpler_env/main_inference.py", line 58, in <module>
    model = OpenVLAInference(
  File "/home/kana5123/capston/external/SimplerEnv-OpenVLA/simpler_env/policies/openvla/openvla_model.py", line 39, in __init__
    self.processor = AutoProcessor.from_pretrained(saved_model_path, trust_remote_code=True)
  File "/home/kana5123/miniconda3/envs/simpler/lib/python3.10/site-packages/transformers/models/auto/processing_auto.py", line 304, in from_pretrained
    processor_class = get_class_from_dynamic_module(
  File "/home/kana5123/miniconda3/envs/simpler/lib/python3.10/site-packages/transformers/dynamic_module_utils.py", line 489, in get_class_from_dynamic_module
    final_module = get_cached_module_file(
  File "/home/kana5123/miniconda3/envs/simpler/lib/python3.10/site-packages/transformers/dynamic_module_utils.py", line 315, in get_cached_module_file
    modules_needed = check_imports(resolved_module_file)
  File "/home/kana5123/miniconda3/envs/simpler/lib/python3.10/site-packages/transformers/dynamic_module_utils.py", line 175, in check_imports
    importlib.import_module(imp)
  File "/home/kana5123/miniconda3/envs/simpler/lib/python3.10/importlib/__init__.py", line 126, in import_module
    return _bootstrap._gcd_import(name[level:], package, level)
  File "<frozen importlib._bootstrap>", line 1050, in _gcd_import
  File "<frozen importlib._bootstrap>", line 1027, in _find_and_load
  File "<frozen importlib._bootstrap>", line 1006, in _find_and_load_unlocked
  File "<frozen importlib._bootstrap>", line 688, in _load_unlocked
  File "<frozen importlib._bootstrap_external>", line 883, in exec_module
  File "<frozen importlib._bootstrap>", line 241, in _call_with_frames_removed
  File "/home/kana5123/.local/lib/python3.10/site-packages/torchvision/__init__.py", line 10, in <module>
    from torchvision import _meta_registrations, datasets, io, models, ops, transforms, utils  # usort:skip
  File "/home/kana5123/.local/lib/python3.10/site-packages/torchvision/_meta_registrations.py", line 163, in <module>
    @torch.library.register_fake("torchvision::nms")
AttributeError: module 'torch.library' has no attribute 'register_fake'
2026-02-27 07:31:52.114643: I tensorflow/core/util/port.cc:153] oneDNN custom operations are on. You may see slightly different numerical results due to floating-point round-off errors from different computation orders. To turn them off, set the environment variable `TF_ENABLE_ONEDNN_OPTS=0`.
2026-02-27 07:31:52.173445: I tensorflow/core/platform/cpu_feature_guard.cc:210] This TensorFlow binary is optimized to use available CPU instructions in performance-critical operations.
To enable the following instructions: AVX2 AVX512F AVX512_VNNI AVX512_BF16 AVX512_FP16 AVX_VNNI AMX_TILE AMX_INT8 AMX_BF16 FMA, in other operations, rebuild TensorFlow with the appropriate compiler flags.
2026-02-27 07:31:53.519143: I tensorflow/core/util/port.cc:153] oneDNN custom operations are on. You may see slightly different numerical results due to floating-point round-off errors from different computation orders. To turn them off, set the environment variable `TF_ENABLE_ONEDNN_OPTS=0`.
/home/kana5123/miniconda3/envs/simpler/lib/python3.10/site-packages/sapien/core/renderer_config.py:4: UserWarning: pkg_resources is deprecated as an API. See https://setuptools.pypa.io/en/latest/pkg_resources.html. The pkg_resources package is slated for removal as early as 2025-11-30. Refrain from using this package or pin to Setuptools<81.
  import pkg_resources
WARNING: All log messages before absl::InitializeLog() is called are written to STDERR
W0000 00:00:1772177515.602540 3088458 gpu_device.cc:2342] Cannot dlopen some GPU libraries. Please make sure the missing libraries mentioned above are installed properly if you would like to use GPU. Follow the guide at https://www.tensorflow.org/install/gpu for how to download and setup the required libraries for your platform.
Skipping registering GPU devices...
/home/kana5123/miniconda3/envs/simpler/lib/python3.10/site-packages/huggingface_hub/file_download.py:949: FutureWarning: `resume_download` is deprecated and will be removed in version 1.0.0. Downloads always resume when possible. If you want to force a new download, use `force_download=True`.
  warnings.warn(
Octo is not correctly imported.
No module named 'jax'
**** openvla ****
*** policy_setup: google_robot, unnorm_key: fractal20220817_data ***
Traceback (most recent call last):
  File "/home/kana5123/capston/external/SimplerEnv-OpenVLA/simpler_env/main_inference.py", line 58, in <module>
    model = OpenVLAInference(
  File "/home/kana5123/capston/external/SimplerEnv-OpenVLA/simpler_env/policies/openvla/openvla_model.py", line 39, in __init__
    self.processor = AutoProcessor.from_pretrained(saved_model_path, trust_remote_code=True)
  File "/home/kana5123/miniconda3/envs/simpler/lib/python3.10/site-packages/transformers/models/auto/processing_auto.py", line 304, in from_pretrained
    processor_class = get_class_from_dynamic_module(
  File "/home/kana5123/miniconda3/envs/simpler/lib/python3.10/site-packages/transformers/dynamic_module_utils.py", line 489, in get_class_from_dynamic_module
    final_module = get_cached_module_file(
  File "/home/kana5123/miniconda3/envs/simpler/lib/python3.10/site-packages/transformers/dynamic_module_utils.py", line 315, in get_cached_module_file
    modules_needed = check_imports(resolved_module_file)
  File "/home/kana5123/miniconda3/envs/simpler/lib/python3.10/site-packages/transformers/dynamic_module_utils.py", line 175, in check_imports
    importlib.import_module(imp)
  File "/home/kana5123/miniconda3/envs/simpler/lib/python3.10/importlib/__init__.py", line 126, in import_module
    return _bootstrap._gcd_import(name[level:], package, level)
  File "<frozen importlib._bootstrap>", line 1050, in _gcd_import
  File "<frozen importlib._bootstrap>", line 1027, in _find_and_load
  File "<frozen importlib._bootstrap>", line 1006, in _find_and_load_unlocked
  File "<frozen importlib._bootstrap>", line 688, in _load_unlocked
  File "<frozen importlib._bootstrap_external>", line 883, in exec_module
  File "<frozen importlib._bootstrap>", line 241, in _call_with_frames_removed
  File "/home/kana5123/miniconda3/envs/simpler/lib/python3.10/site-packages/timm/__init__.py", line 2, in <module>
    from .layers import is_scriptable, is_exportable, set_scriptable, set_exportable
  File "/home/kana5123/miniconda3/envs/simpler/lib/python3.10/site-packages/timm/layers/__init__.py", line 7, in <module>
    from .classifier import ClassifierHead, create_classifier, NormMlpClassifierHead
  File "/home/kana5123/miniconda3/envs/simpler/lib/python3.10/site-packages/timm/layers/classifier.py", line 15, in <module>
    from .create_norm import get_norm_layer
  File "/home/kana5123/miniconda3/envs/simpler/lib/python3.10/site-packages/timm/layers/create_norm.py", line 14, in <module>
    from torchvision.ops.misc import FrozenBatchNorm2d
  File "/home/kana5123/.local/lib/python3.10/site-packages/torchvision/__init__.py", line 10, in <module>
    from torchvision import _meta_registrations, datasets, io, models, ops, transforms, utils  # usort:skip
  File "/home/kana5123/.local/lib/python3.10/site-packages/torchvision/_meta_registrations.py", line 163, in <module>
    @torch.library.register_fake("torchvision::nms")
AttributeError: module 'torch.library' has no attribute 'register_fake'
2026-02-27 07:31:59.948224: I tensorflow/core/util/port.cc:153] oneDNN custom operations are on. You may see slightly different numerical results due to floating-point round-off errors from different computation orders. To turn them off, set the environment variable `TF_ENABLE_ONEDNN_OPTS=0`.
2026-02-27 07:32:00.009569: I tensorflow/core/platform/cpu_feature_guard.cc:210] This TensorFlow binary is optimized to use available CPU instructions in performance-critical operations.
To enable the following instructions: AVX2 AVX512F AVX512_VNNI AVX512_BF16 AVX512_FP16 AVX_VNNI AMX_TILE AMX_INT8 AMX_BF16 FMA, in other operations, rebuild TensorFlow with the appropriate compiler flags.
2026-02-27 07:32:01.360041: I tensorflow/core/util/port.cc:153] oneDNN custom operations are on. You may see slightly different numerical results due to floating-point round-off errors from different computation orders. To turn them off, set the environment variable `TF_ENABLE_ONEDNN_OPTS=0`.
/home/kana5123/miniconda3/envs/simpler/lib/python3.10/site-packages/sapien/core/renderer_config.py:4: UserWarning: pkg_resources is deprecated as an API. See https://setuptools.pypa.io/en/latest/pkg_resources.html. The pkg_resources package is slated for removal as early as 2025-11-30. Refrain from using this package or pin to Setuptools<81.
  import pkg_resources
WARNING: All log messages before absl::InitializeLog() is called are written to STDERR
W0000 00:00:1772177523.332668 3088773 gpu_device.cc:2342] Cannot dlopen some GPU libraries. Please make sure the missing libraries mentioned above are installed properly if you would like to use GPU. Follow the guide at https://www.tensorflow.org/install/gpu for how to download and setup the required libraries for your platform.
Skipping registering GPU devices...
/home/kana5123/miniconda3/envs/simpler/lib/python3.10/site-packages/huggingface_hub/file_download.py:949: FutureWarning: `resume_download` is deprecated and will be removed in version 1.0.0. Downloads always resume when possible. If you want to force a new download, use `force_download=True`.
  warnings.warn(
Octo is not correctly imported.
No module named 'jax'
**** openvla ****
*** policy_setup: google_robot, unnorm_key: fractal20220817_data ***
Traceback (most recent call last):
  File "/home/kana5123/capston/external/SimplerEnv-OpenVLA/simpler_env/main_inference.py", line 58, in <module>
    model = OpenVLAInference(
  File "/home/kana5123/capston/external/SimplerEnv-OpenVLA/simpler_env/policies/openvla/openvla_model.py", line 39, in __init__
    self.processor = AutoProcessor.from_pretrained(saved_model_path, trust_remote_code=True)
  File "/home/kana5123/miniconda3/envs/simpler/lib/python3.10/site-packages/transformers/models/auto/processing_auto.py", line 304, in from_pretrained
    processor_class = get_class_from_dynamic_module(
  File "/home/kana5123/miniconda3/envs/simpler/lib/python3.10/site-packages/transformers/dynamic_module_utils.py", line 489, in get_class_from_dynamic_module
    final_module = get_cached_module_file(
  File "/home/kana5123/miniconda3/envs/simpler/lib/python3.10/site-packages/transformers/dynamic_module_utils.py", line 315, in get_cached_module_file
    modules_needed = check_imports(resolved_module_file)
  File "/home/kana5123/miniconda3/envs/simpler/lib/python3.10/site-packages/transformers/dynamic_module_utils.py", line 175, in check_imports
    importlib.import_module(imp)
  File "/home/kana5123/miniconda3/envs/simpler/lib/python3.10/importlib/__init__.py", line 126, in import_module
    return _bootstrap._gcd_import(name[level:], package, level)
  File "<frozen importlib._bootstrap>", line 1050, in _gcd_import
  File "<frozen importlib._bootstrap>", line 1027, in _find_and_load
  File "<frozen importlib._bootstrap>", line 1006, in _find_and_load_unlocked
  File "<frozen importlib._bootstrap>", line 688, in _load_unlocked
  File "<frozen importlib._bootstrap_external>", line 883, in exec_module
  File "<frozen importlib._bootstrap>", line 241, in _call_with_frames_removed
  File "/home/kana5123/miniconda3/envs/simpler/lib/python3.10/site-packages/timm/__init__.py", line 2, in <module>
    from .layers import is_scriptable, is_exportable, set_scriptable, set_exportable
  File "/home/kana5123/miniconda3/envs/simpler/lib/python3.10/site-packages/timm/layers/__init__.py", line 7, in <module>
    from .classifier import ClassifierHead, create_classifier, NormMlpClassifierHead
  File "/home/kana5123/miniconda3/envs/simpler/lib/python3.10/site-packages/timm/layers/classifier.py", line 15, in <module>
    from .create_norm import get_norm_layer
  File "/home/kana5123/miniconda3/envs/simpler/lib/python3.10/site-packages/timm/layers/create_norm.py", line 14, in <module>
    from torchvision.ops.misc import FrozenBatchNorm2d
  File "/home/kana5123/.local/lib/python3.10/site-packages/torchvision/__init__.py", line 10, in <module>
    from torchvision import _meta_registrations, datasets, io, models, ops, transforms, utils  # usort:skip
  File "/home/kana5123/.local/lib/python3.10/site-packages/torchvision/_meta_registrations.py", line 163, in <module>
    @torch.library.register_fake("torchvision::nms")
AttributeError: module 'torch.library' has no attribute 'register_fake'
2026-02-27 07:32:07.821051: I tensorflow/core/util/port.cc:153] oneDNN custom operations are on. You may see slightly different numerical results due to floating-point round-off errors from different computation orders. To turn them off, set the environment variable `TF_ENABLE_ONEDNN_OPTS=0`.
2026-02-27 07:32:07.882833: I tensorflow/core/platform/cpu_feature_guard.cc:210] This TensorFlow binary is optimized to use available CPU instructions in performance-critical operations.
To enable the following instructions: AVX2 AVX512F AVX512_VNNI AVX512_BF16 AVX512_FP16 AVX_VNNI AMX_TILE AMX_INT8 AMX_BF16 FMA, in other operations, rebuild TensorFlow with the appropriate compiler flags.
2026-02-27 07:32:09.215636: I tensorflow/core/util/port.cc:153] oneDNN custom operations are on. You may see slightly different numerical results due to floating-point round-off errors from different computation orders. To turn them off, set the environment variable `TF_ENABLE_ONEDNN_OPTS=0`.
/home/kana5123/miniconda3/envs/simpler/lib/python3.10/site-packages/sapien/core/renderer_config.py:4: UserWarning: pkg_resources is deprecated as an API. See https://setuptools.pypa.io/en/latest/pkg_resources.html. The pkg_resources package is slated for removal as early as 2025-11-30. Refrain from using this package or pin to Setuptools<81.
  import pkg_resources
WARNING: All log messages before absl::InitializeLog() is called are written to STDERR
W0000 00:00:1772177531.211802 3089091 gpu_device.cc:2342] Cannot dlopen some GPU libraries. Please make sure the missing libraries mentioned above are installed properly if you would like to use GPU. Follow the guide at https://www.tensorflow.org/install/gpu for how to download and setup the required libraries for your platform.
Skipping registering GPU devices...
/home/kana5123/miniconda3/envs/simpler/lib/python3.10/site-packages/huggingface_hub/file_download.py:949: FutureWarning: `resume_download` is deprecated and will be removed in version 1.0.0. Downloads always resume when possible. If you want to force a new download, use `force_download=True`.
  warnings.warn(
Octo is not correctly imported.
No module named 'jax'
**** openvla ****
*** policy_setup: google_robot, unnorm_key: fractal20220817_data ***
Traceback (most recent call last):
  File "/home/kana5123/capston/external/SimplerEnv-OpenVLA/simpler_env/main_inference.py", line 58, in <module>
    model = OpenVLAInference(
  File "/home/kana5123/capston/external/SimplerEnv-OpenVLA/simpler_env/policies/openvla/openvla_model.py", line 39, in __init__
    self.processor = AutoProcessor.from_pretrained(saved_model_path, trust_remote_code=True)
  File "/home/kana5123/miniconda3/envs/simpler/lib/python3.10/site-packages/transformers/models/auto/processing_auto.py", line 304, in from_pretrained
    processor_class = get_class_from_dynamic_module(
  File "/home/kana5123/miniconda3/envs/simpler/lib/python3.10/site-packages/transformers/dynamic_module_utils.py", line 489, in get_class_from_dynamic_module
    final_module = get_cached_module_file(
  File "/home/kana5123/miniconda3/envs/simpler/lib/python3.10/site-packages/transformers/dynamic_module_utils.py", line 315, in get_cached_module_file
    modules_needed = check_imports(resolved_module_file)
  File "/home/kana5123/miniconda3/envs/simpler/lib/python3.10/site-packages/transformers/dynamic_module_utils.py", line 175, in check_imports
    importlib.import_module(imp)
  File "/home/kana5123/miniconda3/envs/simpler/lib/python3.10/importlib/__init__.py", line 126, in import_module
    return _bootstrap._gcd_import(name[level:], package, level)
  File "<frozen importlib._bootstrap>", line 1050, in _gcd_import
  File "<frozen importlib._bootstrap>", line 1027, in _find_and_load
  File "<frozen importlib._bootstrap>", line 1006, in _find_and_load_unlocked
  File "<frozen importlib._bootstrap>", line 688, in _load_unlocked
  File "<frozen importlib._bootstrap_external>", line 883, in exec_module
  File "<frozen importlib._bootstrap>", line 241, in _call_with_frames_removed
  File "/home/kana5123/miniconda3/envs/simpler/lib/python3.10/site-packages/timm/__init__.py", line 2, in <module>
    from .layers import is_scriptable, is_exportable, set_scriptable, set_exportable
  File "/home/kana5123/miniconda3/envs/simpler/lib/python3.10/site-packages/timm/layers/__init__.py", line 7, in <module>
    from .classifier import ClassifierHead, create_classifier, NormMlpClassifierHead
  File "/home/kana5123/miniconda3/envs/simpler/lib/python3.10/site-packages/timm/layers/classifier.py", line 15, in <module>
    from .create_norm import get_norm_layer
  File "/home/kana5123/miniconda3/envs/simpler/lib/python3.10/site-packages/timm/layers/create_norm.py", line 14, in <module>
    from torchvision.ops.misc import FrozenBatchNorm2d
  File "/home/kana5123/.local/lib/python3.10/site-packages/torchvision/__init__.py", line 10, in <module>
    from torchvision import _meta_registrations, datasets, io, models, ops, transforms, utils  # usort:skip
  File "/home/kana5123/.local/lib/python3.10/site-packages/torchvision/_meta_registrations.py", line 163, in <module>
    @torch.library.register_fake("torchvision::nms")
AttributeError: module 'torch.library' has no attribute 'register_fake'
2026-02-27 07:32:15.583955: I tensorflow/core/util/port.cc:153] oneDNN custom operations are on. You may see slightly different numerical results due to floating-point round-off errors from different computation orders. To turn them off, set the environment variable `TF_ENABLE_ONEDNN_OPTS=0`.
2026-02-27 07:32:15.648439: I tensorflow/core/platform/cpu_feature_guard.cc:210] This TensorFlow binary is optimized to use available CPU instructions in performance-critical operations.
To enable the following instructions: AVX2 AVX512F AVX512_VNNI AVX512_BF16 AVX512_FP16 AVX_VNNI AMX_TILE AMX_INT8 AMX_BF16 FMA, in other operations, rebuild TensorFlow with the appropriate compiler flags.
2026-02-27 07:32:16.985753: I tensorflow/core/util/port.cc:153] oneDNN custom operations are on. You may see slightly different numerical results due to floating-point round-off errors from different computation orders. To turn them off, set the environment variable `TF_ENABLE_ONEDNN_OPTS=0`.
/home/kana5123/miniconda3/envs/simpler/lib/python3.10/site-packages/sapien/core/renderer_config.py:4: UserWarning: pkg_resources is deprecated as an API. See https://setuptools.pypa.io/en/latest/pkg_resources.html. The pkg_resources package is slated for removal as early as 2025-11-30. Refrain from using this package or pin to Setuptools<81.
  import pkg_resources
WARNING: All log messages before absl::InitializeLog() is called are written to STDERR
W0000 00:00:1772177539.015907 3089357 gpu_device.cc:2342] Cannot dlopen some GPU libraries. Please make sure the missing libraries mentioned above are installed properly if you would like to use GPU. Follow the guide at https://www.tensorflow.org/install/gpu for how to download and setup the required libraries for your platform.
Skipping registering GPU devices...
/home/kana5123/miniconda3/envs/simpler/lib/python3.10/site-packages/huggingface_hub/file_download.py:949: FutureWarning: `resume_download` is deprecated and will be removed in version 1.0.0. Downloads always resume when possible. If you want to force a new download, use `force_download=True`.
  warnings.warn(
Octo is not correctly imported.
No module named 'jax'
**** openvla ****
*** policy_setup: google_robot, unnorm_key: fractal20220817_data ***
Traceback (most recent call last):
  File "/home/kana5123/capston/external/SimplerEnv-OpenVLA/simpler_env/main_inference.py", line 58, in <module>
    model = OpenVLAInference(
  File "/home/kana5123/capston/external/SimplerEnv-OpenVLA/simpler_env/policies/openvla/openvla_model.py", line 39, in __init__
    self.processor = AutoProcessor.from_pretrained(saved_model_path, trust_remote_code=True)
  File "/home/kana5123/miniconda3/envs/simpler/lib/python3.10/site-packages/transformers/models/auto/processing_auto.py", line 304, in from_pretrained
    processor_class = get_class_from_dynamic_module(
  File "/home/kana5123/miniconda3/envs/simpler/lib/python3.10/site-packages/transformers/dynamic_module_utils.py", line 489, in get_class_from_dynamic_module
    final_module = get_cached_module_file(
  File "/home/kana5123/miniconda3/envs/simpler/lib/python3.10/site-packages/transformers/dynamic_module_utils.py", line 315, in get_cached_module_file
    modules_needed = check_imports(resolved_module_file)
  File "/home/kana5123/miniconda3/envs/simpler/lib/python3.10/site-packages/transformers/dynamic_module_utils.py", line 175, in check_imports
    importlib.import_module(imp)
  File "/home/kana5123/miniconda3/envs/simpler/lib/python3.10/importlib/__init__.py", line 126, in import_module
    return _bootstrap._gcd_import(name[level:], package, level)
  File "<frozen importlib._bootstrap>", line 1050, in _gcd_import
  File "<frozen importlib._bootstrap>", line 1027, in _find_and_load
  File "<frozen importlib._bootstrap>", line 1006, in _find_and_load_unlocked
  File "<frozen importlib._bootstrap>", line 688, in _load_unlocked
  File "<frozen importlib._bootstrap_external>", line 883, in exec_module
  File "<frozen importlib._bootstrap>", line 241, in _call_with_frames_removed
  File "/home/kana5123/miniconda3/envs/simpler/lib/python3.10/site-packages/timm/__init__.py", line 2, in <module>
    from .layers import is_scriptable, is_exportable, set_scriptable, set_exportable
  File "/home/kana5123/miniconda3/envs/simpler/lib/python3.10/site-packages/timm/layers/__init__.py", line 7, in <module>
    from .classifier import ClassifierHead, create_classifier, NormMlpClassifierHead
  File "/home/kana5123/miniconda3/envs/simpler/lib/python3.10/site-packages/timm/layers/classifier.py", line 15, in <module>
    from .create_norm import get_norm_layer
  File "/home/kana5123/miniconda3/envs/simpler/lib/python3.10/site-packages/timm/layers/create_norm.py", line 14, in <module>
    from torchvision.ops.misc import FrozenBatchNorm2d
  File "/home/kana5123/.local/lib/python3.10/site-packages/torchvision/__init__.py", line 10, in <module>
    from torchvision import _meta_registrations, datasets, io, models, ops, transforms, utils  # usort:skip
  File "/home/kana5123/.local/lib/python3.10/site-packages/torchvision/_meta_registrations.py", line 163, in <module>
    @torch.library.register_fake("torchvision::nms")
AttributeError: module 'torch.library' has no attribute 'register_fake'
2026-02-27 07:32:23.392696: I tensorflow/core/util/port.cc:153] oneDNN custom operations are on. You may see slightly different numerical results due to floating-point round-off errors from different computation orders. To turn them off, set the environment variable `TF_ENABLE_ONEDNN_OPTS=0`.
2026-02-27 07:32:23.456001: I tensorflow/core/platform/cpu_feature_guard.cc:210] This TensorFlow binary is optimized to use available CPU instructions in performance-critical operations.
To enable the following instructions: AVX2 AVX512F AVX512_VNNI AVX512_BF16 AVX512_FP16 AVX_VNNI AMX_TILE AMX_INT8 AMX_BF16 FMA, in other operations, rebuild TensorFlow with the appropriate compiler flags.
2026-02-27 07:32:24.801093: I tensorflow/core/util/port.cc:153] oneDNN custom operations are on. You may see slightly different numerical results due to floating-point round-off errors from different computation orders. To turn them off, set the environment variable `TF_ENABLE_ONEDNN_OPTS=0`.
/home/kana5123/miniconda3/envs/simpler/lib/python3.10/site-packages/sapien/core/renderer_config.py:4: UserWarning: pkg_resources is deprecated as an API. See https://setuptools.pypa.io/en/latest/pkg_resources.html. The pkg_resources package is slated for removal as early as 2025-11-30. Refrain from using this package or pin to Setuptools<81.
  import pkg_resources
WARNING: All log messages before absl::InitializeLog() is called are written to STDERR
W0000 00:00:1772177546.709993 3089653 gpu_device.cc:2342] Cannot dlopen some GPU libraries. Please make sure the missing libraries mentioned above are installed properly if you would like to use GPU. Follow the guide at https://www.tensorflow.org/install/gpu for how to download and setup the required libraries for your platform.
Skipping registering GPU devices...
/home/kana5123/miniconda3/envs/simpler/lib/python3.10/site-packages/huggingface_hub/file_download.py:949: FutureWarning: `resume_download` is deprecated and will be removed in version 1.0.0. Downloads always resume when possible. If you want to force a new download, use `force_download=True`.
  warnings.warn(
Octo is not correctly imported.
No module named 'jax'
**** openvla ****
*** policy_setup: google_robot, unnorm_key: fractal20220817_data ***
Traceback (most recent call last):
  File "/home/kana5123/capston/external/SimplerEnv-OpenVLA/simpler_env/main_inference.py", line 58, in <module>
    model = OpenVLAInference(
  File "/home/kana5123/capston/external/SimplerEnv-OpenVLA/simpler_env/policies/openvla/openvla_model.py", line 39, in __init__
    self.processor = AutoProcessor.from_pretrained(saved_model_path, trust_remote_code=True)
  File "/home/kana5123/miniconda3/envs/simpler/lib/python3.10/site-packages/transformers/models/auto/processing_auto.py", line 304, in from_pretrained
    processor_class = get_class_from_dynamic_module(
  File "/home/kana5123/miniconda3/envs/simpler/lib/python3.10/site-packages/transformers/dynamic_module_utils.py", line 489, in get_class_from_dynamic_module
    final_module = get_cached_module_file(
  File "/home/kana5123/miniconda3/envs/simpler/lib/python3.10/site-packages/transformers/dynamic_module_utils.py", line 315, in get_cached_module_file
    modules_needed = check_imports(resolved_module_file)
  File "/home/kana5123/miniconda3/envs/simpler/lib/python3.10/site-packages/transformers/dynamic_module_utils.py", line 175, in check_imports
    importlib.import_module(imp)
  File "/home/kana5123/miniconda3/envs/simpler/lib/python3.10/importlib/__init__.py", line 126, in import_module
    return _bootstrap._gcd_import(name[level:], package, level)
  File "<frozen importlib._bootstrap>", line 1050, in _gcd_import
  File "<frozen importlib._bootstrap>", line 1027, in _find_and_load
  File "<frozen importlib._bootstrap>", line 1006, in _find_and_load_unlocked
  File "<frozen importlib._bootstrap>", line 688, in _load_unlocked
  File "<frozen importlib._bootstrap_external>", line 883, in exec_module
  File "<frozen importlib._bootstrap>", line 241, in _call_with_frames_removed
  File "/home/kana5123/miniconda3/envs/simpler/lib/python3.10/site-packages/timm/__init__.py", line 2, in <module>
    from .layers import is_scriptable, is_exportable, set_scriptable, set_exportable
  File "/home/kana5123/miniconda3/envs/simpler/lib/python3.10/site-packages/timm/layers/__init__.py", line 7, in <module>
    from .classifier import ClassifierHead, create_classifier, NormMlpClassifierHead
  File "/home/kana5123/miniconda3/envs/simpler/lib/python3.10/site-packages/timm/layers/classifier.py", line 15, in <module>
    from .create_norm import get_norm_layer
  File "/home/kana5123/miniconda3/envs/simpler/lib/python3.10/site-packages/timm/layers/create_norm.py", line 14, in <module>
    from torchvision.ops.misc import FrozenBatchNorm2d
  File "/home/kana5123/.local/lib/python3.10/site-packages/torchvision/__init__.py", line 10, in <module>
    from torchvision import _meta_registrations, datasets, io, models, ops, transforms, utils  # usort:skip
  File "/home/kana5123/.local/lib/python3.10/site-packages/torchvision/_meta_registrations.py", line 163, in <module>
    @torch.library.register_fake("torchvision::nms")
AttributeError: module 'torch.library' has no attribute 'register_fake'
2026-02-27 07:32:31.334206: I tensorflow/core/util/port.cc:153] oneDNN custom operations are on. You may see slightly different numerical results due to floating-point round-off errors from different computation orders. To turn them off, set the environment variable `TF_ENABLE_ONEDNN_OPTS=0`.
2026-02-27 07:32:31.396410: I tensorflow/core/platform/cpu_feature_guard.cc:210] This TensorFlow binary is optimized to use available CPU instructions in performance-critical operations.
To enable the following instructions: AVX2 AVX512F AVX512_VNNI AVX512_BF16 AVX512_FP16 AVX_VNNI AMX_TILE AMX_INT8 AMX_BF16 FMA, in other operations, rebuild TensorFlow with the appropriate compiler flags.
2026-02-27 07:32:32.718260: I tensorflow/core/util/port.cc:153] oneDNN custom operations are on. You may see slightly different numerical results due to floating-point round-off errors from different computation orders. To turn them off, set the environment variable `TF_ENABLE_ONEDNN_OPTS=0`.
/home/kana5123/miniconda3/envs/simpler/lib/python3.10/site-packages/sapien/core/renderer_config.py:4: UserWarning: pkg_resources is deprecated as an API. See https://setuptools.pypa.io/en/latest/pkg_resources.html. The pkg_resources package is slated for removal as early as 2025-11-30. Refrain from using this package or pin to Setuptools<81.
  import pkg_resources
WARNING: All log messages before absl::InitializeLog() is called are written to STDERR
W0000 00:00:1772177554.569863 3089942 gpu_device.cc:2342] Cannot dlopen some GPU libraries. Please make sure the missing libraries mentioned above are installed properly if you would like to use GPU. Follow the guide at https://www.tensorflow.org/install/gpu for how to download and setup the required libraries for your platform.
Skipping registering GPU devices...
/home/kana5123/miniconda3/envs/simpler/lib/python3.10/site-packages/huggingface_hub/file_download.py:949: FutureWarning: `resume_download` is deprecated and will be removed in version 1.0.0. Downloads always resume when possible. If you want to force a new download, use `force_download=True`.
  warnings.warn(
Octo is not correctly imported.
No module named 'jax'
**** openvla ****
*** policy_setup: google_robot, unnorm_key: fractal20220817_data ***
Traceback (most recent call last):
  File "/home/kana5123/capston/external/SimplerEnv-OpenVLA/simpler_env/main_inference.py", line 58, in <module>
    model = OpenVLAInference(
  File "/home/kana5123/capston/external/SimplerEnv-OpenVLA/simpler_env/policies/openvla/openvla_model.py", line 39, in __init__
    self.processor = AutoProcessor.from_pretrained(saved_model_path, trust_remote_code=True)
  File "/home/kana5123/miniconda3/envs/simpler/lib/python3.10/site-packages/transformers/models/auto/processing_auto.py", line 304, in from_pretrained
    processor_class = get_class_from_dynamic_module(
  File "/home/kana5123/miniconda3/envs/simpler/lib/python3.10/site-packages/transformers/dynamic_module_utils.py", line 489, in get_class_from_dynamic_module
    final_module = get_cached_module_file(
  File "/home/kana5123/miniconda3/envs/simpler/lib/python3.10/site-packages/transformers/dynamic_module_utils.py", line 315, in get_cached_module_file
    modules_needed = check_imports(resolved_module_file)
  File "/home/kana5123/miniconda3/envs/simpler/lib/python3.10/site-packages/transformers/dynamic_module_utils.py", line 175, in check_imports
    importlib.import_module(imp)
  File "/home/kana5123/miniconda3/envs/simpler/lib/python3.10/importlib/__init__.py", line 126, in import_module
    return _bootstrap._gcd_import(name[level:], package, level)
  File "<frozen importlib._bootstrap>", line 1050, in _gcd_import
  File "<frozen importlib._bootstrap>", line 1027, in _find_and_load
  File "<frozen importlib._bootstrap>", line 1006, in _find_and_load_unlocked
  File "<frozen importlib._bootstrap>", line 688, in _load_unlocked
  File "<frozen importlib._bootstrap_external>", line 883, in exec_module
  File "<frozen importlib._bootstrap>", line 241, in _call_with_frames_removed
  File "/home/kana5123/.local/lib/python3.10/site-packages/torchvision/__init__.py", line 10, in <module>
    from torchvision import _meta_registrations, datasets, io, models, ops, transforms, utils  # usort:skip
  File "/home/kana5123/.local/lib/python3.10/site-packages/torchvision/_meta_registrations.py", line 163, in <module>
    @torch.library.register_fake("torchvision::nms")
AttributeError: module 'torch.library' has no attribute 'register_fake'
2026-02-27 07:32:39.106558: I tensorflow/core/util/port.cc:153] oneDNN custom operations are on. You may see slightly different numerical results due to floating-point round-off errors from different computation orders. To turn them off, set the environment variable `TF_ENABLE_ONEDNN_OPTS=0`.
2026-02-27 07:32:39.169461: I tensorflow/core/platform/cpu_feature_guard.cc:210] This TensorFlow binary is optimized to use available CPU instructions in performance-critical operations.
To enable the following instructions: AVX2 AVX512F AVX512_VNNI AVX512_BF16 AVX512_FP16 AVX_VNNI AMX_TILE AMX_INT8 AMX_BF16 FMA, in other operations, rebuild TensorFlow with the appropriate compiler flags.
2026-02-27 07:32:40.515725: I tensorflow/core/util/port.cc:153] oneDNN custom operations are on. You may see slightly different numerical results due to floating-point round-off errors from different computation orders. To turn them off, set the environment variable `TF_ENABLE_ONEDNN_OPTS=0`.
/home/kana5123/miniconda3/envs/simpler/lib/python3.10/site-packages/sapien/core/renderer_config.py:4: UserWarning: pkg_resources is deprecated as an API. See https://setuptools.pypa.io/en/latest/pkg_resources.html. The pkg_resources package is slated for removal as early as 2025-11-30. Refrain from using this package or pin to Setuptools<81.
  import pkg_resources
WARNING: All log messages before absl::InitializeLog() is called are written to STDERR
W0000 00:00:1772177562.313035 3090338 gpu_device.cc:2342] Cannot dlopen some GPU libraries. Please make sure the missing libraries mentioned above are installed properly if you would like to use GPU. Follow the guide at https://www.tensorflow.org/install/gpu for how to download and setup the required libraries for your platform.
Skipping registering GPU devices...
/home/kana5123/miniconda3/envs/simpler/lib/python3.10/site-packages/huggingface_hub/file_download.py:949: FutureWarning: `resume_download` is deprecated and will be removed in version 1.0.0. Downloads always resume when possible. If you want to force a new download, use `force_download=True`.
  warnings.warn(
Octo is not correctly imported.
No module named 'jax'
**** openvla ****
*** policy_setup: google_robot, unnorm_key: fractal20220817_data ***
Traceback (most recent call last):
  File "/home/kana5123/capston/external/SimplerEnv-OpenVLA/simpler_env/main_inference.py", line 58, in <module>
    model = OpenVLAInference(
  File "/home/kana5123/capston/external/SimplerEnv-OpenVLA/simpler_env/policies/openvla/openvla_model.py", line 39, in __init__
    self.processor = AutoProcessor.from_pretrained(saved_model_path, trust_remote_code=True)
  File "/home/kana5123/miniconda3/envs/simpler/lib/python3.10/site-packages/transformers/models/auto/processing_auto.py", line 304, in from_pretrained
    processor_class = get_class_from_dynamic_module(
  File "/home/kana5123/miniconda3/envs/simpler/lib/python3.10/site-packages/transformers/dynamic_module_utils.py", line 489, in get_class_from_dynamic_module
    final_module = get_cached_module_file(
  File "/home/kana5123/miniconda3/envs/simpler/lib/python3.10/site-packages/transformers/dynamic_module_utils.py", line 315, in get_cached_module_file
    modules_needed = check_imports(resolved_module_file)
  File "/home/kana5123/miniconda3/envs/simpler/lib/python3.10/site-packages/transformers/dynamic_module_utils.py", line 175, in check_imports
    importlib.import_module(imp)
  File "/home/kana5123/miniconda3/envs/simpler/lib/python3.10/importlib/__init__.py", line 126, in import_module
    return _bootstrap._gcd_import(name[level:], package, level)
  File "<frozen importlib._bootstrap>", line 1050, in _gcd_import
  File "<frozen importlib._bootstrap>", line 1027, in _find_and_load
  File "<frozen importlib._bootstrap>", line 1006, in _find_and_load_unlocked
  File "<frozen importlib._bootstrap>", line 688, in _load_unlocked
  File "<frozen importlib._bootstrap_external>", line 883, in exec_module
  File "<frozen importlib._bootstrap>", line 241, in _call_with_frames_removed
  File "/home/kana5123/miniconda3/envs/simpler/lib/python3.10/site-packages/timm/__init__.py", line 2, in <module>
    from .layers import is_scriptable, is_exportable, set_scriptable, set_exportable
  File "/home/kana5123/miniconda3/envs/simpler/lib/python3.10/site-packages/timm/layers/__init__.py", line 7, in <module>
    from .classifier import ClassifierHead, create_classifier, NormMlpClassifierHead
  File "/home/kana5123/miniconda3/envs/simpler/lib/python3.10/site-packages/timm/layers/classifier.py", line 15, in <module>
    from .create_norm import get_norm_layer
  File "/home/kana5123/miniconda3/envs/simpler/lib/python3.10/site-packages/timm/layers/create_norm.py", line 14, in <module>
    from torchvision.ops.misc import FrozenBatchNorm2d
  File "/home/kana5123/.local/lib/python3.10/site-packages/torchvision/__init__.py", line 10, in <module>
    from torchvision import _meta_registrations, datasets, io, models, ops, transforms, utils  # usort:skip
  File "/home/kana5123/.local/lib/python3.10/site-packages/torchvision/_meta_registrations.py", line 163, in <module>
    @torch.library.register_fake("torchvision::nms")
AttributeError: module 'torch.library' has no attribute 'register_fake'
2026-02-27 07:32:46.751864: I tensorflow/core/util/port.cc:153] oneDNN custom operations are on. You may see slightly different numerical results due to floating-point round-off errors from different computation orders. To turn them off, set the environment variable `TF_ENABLE_ONEDNN_OPTS=0`.
2026-02-27 07:32:46.812819: I tensorflow/core/platform/cpu_feature_guard.cc:210] This TensorFlow binary is optimized to use available CPU instructions in performance-critical operations.
To enable the following instructions: AVX2 AVX512F AVX512_VNNI AVX512_BF16 AVX512_FP16 AVX_VNNI AMX_TILE AMX_INT8 AMX_BF16 FMA, in other operations, rebuild TensorFlow with the appropriate compiler flags.
2026-02-27 07:32:48.154305: I tensorflow/core/util/port.cc:153] oneDNN custom operations are on. You may see slightly different numerical results due to floating-point round-off errors from different computation orders. To turn them off, set the environment variable `TF_ENABLE_ONEDNN_OPTS=0`.
/home/kana5123/miniconda3/envs/simpler/lib/python3.10/site-packages/sapien/core/renderer_config.py:4: UserWarning: pkg_resources is deprecated as an API. See https://setuptools.pypa.io/en/latest/pkg_resources.html. The pkg_resources package is slated for removal as early as 2025-11-30. Refrain from using this package or pin to Setuptools<81.
  import pkg_resources
WARNING: All log messages before absl::InitializeLog() is called are written to STDERR
W0000 00:00:1772177569.949783 3090518 gpu_device.cc:2342] Cannot dlopen some GPU libraries. Please make sure the missing libraries mentioned above are installed properly if you would like to use GPU. Follow the guide at https://www.tensorflow.org/install/gpu for how to download and setup the required libraries for your platform.
Skipping registering GPU devices...
/home/kana5123/miniconda3/envs/simpler/lib/python3.10/site-packages/huggingface_hub/file_download.py:949: FutureWarning: `resume_download` is deprecated and will be removed in version 1.0.0. Downloads always resume when possible. If you want to force a new download, use `force_download=True`.
  warnings.warn(
Octo is not correctly imported.
No module named 'jax'
**** openvla ****
*** policy_setup: google_robot, unnorm_key: fractal20220817_data ***
Traceback (most recent call last):
  File "/home/kana5123/capston/external/SimplerEnv-OpenVLA/simpler_env/main_inference.py", line 58, in <module>
    model = OpenVLAInference(
  File "/home/kana5123/capston/external/SimplerEnv-OpenVLA/simpler_env/policies/openvla/openvla_model.py", line 39, in __init__
    self.processor = AutoProcessor.from_pretrained(saved_model_path, trust_remote_code=True)
  File "/home/kana5123/miniconda3/envs/simpler/lib/python3.10/site-packages/transformers/models/auto/processing_auto.py", line 304, in from_pretrained
    processor_class = get_class_from_dynamic_module(
  File "/home/kana5123/miniconda3/envs/simpler/lib/python3.10/site-packages/transformers/dynamic_module_utils.py", line 489, in get_class_from_dynamic_module
    final_module = get_cached_module_file(
  File "/home/kana5123/miniconda3/envs/simpler/lib/python3.10/site-packages/transformers/dynamic_module_utils.py", line 315, in get_cached_module_file
    modules_needed = check_imports(resolved_module_file)
  File "/home/kana5123/miniconda3/envs/simpler/lib/python3.10/site-packages/transformers/dynamic_module_utils.py", line 175, in check_imports
    importlib.import_module(imp)
  File "/home/kana5123/miniconda3/envs/simpler/lib/python3.10/importlib/__init__.py", line 126, in import_module
    return _bootstrap._gcd_import(name[level:], package, level)
  File "<frozen importlib._bootstrap>", line 1050, in _gcd_import
  File "<frozen importlib._bootstrap>", line 1027, in _find_and_load
  File "<frozen importlib._bootstrap>", line 1006, in _find_and_load_unlocked
  File "<frozen importlib._bootstrap>", line 688, in _load_unlocked
  File "<frozen importlib._bootstrap_external>", line 883, in exec_module
  File "<frozen importlib._bootstrap>", line 241, in _call_with_frames_removed
  File "/home/kana5123/miniconda3/envs/simpler/lib/python3.10/site-packages/timm/__init__.py", line 2, in <module>
    from .layers import is_scriptable, is_exportable, set_scriptable, set_exportable
  File "/home/kana5123/miniconda3/envs/simpler/lib/python3.10/site-packages/timm/layers/__init__.py", line 7, in <module>
    from .classifier import ClassifierHead, create_classifier, NormMlpClassifierHead
  File "/home/kana5123/miniconda3/envs/simpler/lib/python3.10/site-packages/timm/layers/classifier.py", line 15, in <module>
    from .create_norm import get_norm_layer
  File "/home/kana5123/miniconda3/envs/simpler/lib/python3.10/site-packages/timm/layers/create_norm.py", line 14, in <module>
    from torchvision.ops.misc import FrozenBatchNorm2d
  File "/home/kana5123/.local/lib/python3.10/site-packages/torchvision/__init__.py", line 10, in <module>
    from torchvision import _meta_registrations, datasets, io, models, ops, transforms, utils  # usort:skip
  File "/home/kana5123/.local/lib/python3.10/site-packages/torchvision/_meta_registrations.py", line 163, in <module>
    @torch.library.register_fake("torchvision::nms")
AttributeError: module 'torch.library' has no attribute 'register_fake'
SimplerEnv Evaluation — 20260227_073120
  Model:      openvla (openvla/openvla-7b)
  Tasks:      ['pick_coke_can']
  Device:     GPU 6
  Output dir: /home/kana5123/ATLASVLA/outputs/phase3_gate/simplerenv/openvla

======================================================================
  Task:    pick_coke_can — Pick up coke can (visual matching, 4 URDF x 3 orientations)
  Model:   openvla (ckpt: openvla/openvla-7b)
  Device:  GPU 6
  LogDir:  /home/kana5123/ATLASVLA/outputs/phase3_gate/simplerenv/openvla/pick_coke_can
  Command: bash scripts/pick_coke_can_visual_matching.sh openvla/openvla-7b openvla -0.8 /home/kana5123/ATLASVLA/outputs/phase3_gate/simplerenv/openvla/pick_coke_can 6
======================================================================


  [pick_coke_can] Process exited with code 1 (93.8s elapsed)
  [pick_coke_can] Result: 0/0 (success rate: N/A)

======================================================================
  SimplerEnv Evaluation Summary — openvla
======================================================================
  Task                  Success     Fail    Total       Rate
  -------------------- -------- -------- -------- ----------
  pick_coke_can               0        0        0        N/A
  -------------------- -------- -------- -------- ----------
  OVERALL                     0        0        0        N/A
======================================================================

Results saved to: /home/kana5123/ATLASVLA/outputs/phase3_gate/simplerenv/openvla/results.json

WARNING: One or more tasks exited with a non-zero return code.
