openvla/openvla-7b
Traceback (most recent call last):
  File "/home/kana5123/capston/external/SimplerEnv-OpenVLA/simpler_env/main_inference.py", line 4, in <module>
    import tensorflow as tf
ModuleNotFoundError: No module named 'tensorflow'
Traceback (most recent call last):
  File "/home/kana5123/capston/external/SimplerEnv-OpenVLA/simpler_env/main_inference.py", line 4, in <module>
    import tensorflow as tf
ModuleNotFoundError: No module named 'tensorflow'
Traceback (most recent call last):
  File "/home/kana5123/capston/external/SimplerEnv-OpenVLA/simpler_env/main_inference.py", line 4, in <module>
    import tensorflow as tf
ModuleNotFoundError: No module named 'tensorflow'
Traceback (most recent call last):
  File "/home/kana5123/capston/external/SimplerEnv-OpenVLA/simpler_env/main_inference.py", line 4, in <module>
    import tensorflow as tf
ModuleNotFoundError: No module named 'tensorflow'
SimplerEnv Evaluation — 20260227_071713
  Model:      openvla (openvla/openvla-7b)
  Tasks:      ['move_near']
  Device:     GPU 7
  Output dir: /home/kana5123/ATLASVLA/outputs/phase3_gate/simplerenv/openvla

======================================================================
  Task:    move_near — Move object near target (visual matching)
  Model:   openvla (ckpt: openvla/openvla-7b)
  Device:  GPU 7
  LogDir:  /home/kana5123/ATLASVLA/outputs/phase3_gate/simplerenv/openvla/move_near
  Command: bash scripts/move_near_visual_matching.sh openvla/openvla-7b openvla -0.8 /home/kana5123/ATLASVLA/outputs/phase3_gate/simplerenv/openvla/move_near 7
======================================================================


  [move_near] Process exited with code 1 (0.6s elapsed)
  [move_near] Result: 0/0 (success rate: N/A)

======================================================================
  SimplerEnv Evaluation Summary — openvla
======================================================================
  Task                  Success     Fail    Total       Rate
  -------------------- -------- -------- -------- ----------
  move_near                   0        0        0        N/A
  -------------------- -------- -------- -------- ----------
  OVERALL                     0        0        0        N/A
======================================================================

Results saved to: /home/kana5123/ATLASVLA/outputs/phase3_gate/simplerenv/openvla/results.json

WARNING: One or more tasks exited with a non-zero return code.
