openvla/openvla-7b
2026-02-27 07:31:22.110548: I tensorflow/core/util/port.cc:153] oneDNN custom operations are on. You may see slightly different numerical results due to floating-point round-off errors from different computation orders. To turn them off, set the environment variable `TF_ENABLE_ONEDNN_OPTS=0`.
2026-02-27 07:31:22.169835: I tensorflow/core/platform/cpu_feature_guard.cc:210] This TensorFlow binary is optimized to use available CPU instructions in performance-critical operations.
To enable the following instructions: AVX2 AVX512F AVX512_VNNI AVX512_BF16 AVX512_FP16 AVX_VNNI AMX_TILE AMX_INT8 AMX_BF16 FMA, in other operations, rebuild TensorFlow with the appropriate compiler flags.
2026-02-27 07:31:23.513880: I tensorflow/core/util/port.cc:153] oneDNN custom operations are on. You may see slightly different numerical results due to floating-point round-off errors from different computation orders. To turn them off, set the environment variable `TF_ENABLE_ONEDNN_OPTS=0`.
/home/kana5123/miniconda3/envs/simpler/lib/python3.10/site-packages/sapien/core/renderer_config.py:4: UserWarning: pkg_resources is deprecated as an API. See https://setuptools.pypa.io/en/latest/pkg_resources.html. The pkg_resources package is slated for removal as early as 2025-11-30. Refrain from using this package or pin to Setuptools<81.
  import pkg_resources
WARNING: All log messages before absl::InitializeLog() is called are written to STDERR
W0000 00:00:1772177485.492101 3086787 gpu_device.cc:2342] Cannot dlopen some GPU libraries. Please make sure the missing libraries mentioned above are installed properly if you would like to use GPU. Follow the guide at https://www.tensorflow.org/install/gpu for how to download and setup the required libraries for your platform.
Skipping registering GPU devices...
/home/kana5123/miniconda3/envs/simpler/lib/python3.10/site-packages/huggingface_hub/file_download.py:949: FutureWarning: `resume_download` is deprecated and will be removed in version 1.0.0. Downloads always resume when possible. If you want to force a new download, use `force_download=True`.
  warnings.warn(
Octo is not correctly imported.
No module named 'jax'
**** openvla ****
*** policy_setup: google_robot, unnorm_key: fractal20220817_data ***
Traceback (most recent call last):
  File "/home/kana5123/capston/external/SimplerEnv-OpenVLA/simpler_env/main_inference.py", line 58, in <module>
    model = OpenVLAInference(
  File "/home/kana5123/capston/external/SimplerEnv-OpenVLA/simpler_env/policies/openvla/openvla_model.py", line 39, in __init__
    self.processor = AutoProcessor.from_pretrained(saved_model_path, trust_remote_code=True)
  File "/home/kana5123/miniconda3/envs/simpler/lib/python3.10/site-packages/transformers/models/auto/processing_auto.py", line 304, in from_pretrained
    processor_class = get_class_from_dynamic_module(
  File "/home/kana5123/miniconda3/envs/simpler/lib/python3.10/site-packages/transformers/dynamic_module_utils.py", line 489, in get_class_from_dynamic_module
    final_module = get_cached_module_file(
  File "/home/kana5123/miniconda3/envs/simpler/lib/python3.10/site-packages/transformers/dynamic_module_utils.py", line 315, in get_cached_module_file
    modules_needed = check_imports(resolved_module_file)
  File "/home/kana5123/miniconda3/envs/simpler/lib/python3.10/site-packages/transformers/dynamic_module_utils.py", line 175, in check_imports
    importlib.import_module(imp)
  File "/home/kana5123/miniconda3/envs/simpler/lib/python3.10/importlib/__init__.py", line 126, in import_module
    return _bootstrap._gcd_import(name[level:], package, level)
  File "<frozen importlib._bootstrap>", line 1050, in _gcd_import
  File "<frozen importlib._bootstrap>", line 1027, in _find_and_load
  File "<frozen importlib._bootstrap>", line 1006, in _find_and_load_unlocked
  File "<frozen importlib._bootstrap>", line 688, in _load_unlocked
  File "<frozen importlib._bootstrap_external>", line 883, in exec_module
  File "<frozen importlib._bootstrap>", line 241, in _call_with_frames_removed
  File "/home/kana5123/miniconda3/envs/simpler/lib/python3.10/site-packages/timm/__init__.py", line 2, in <module>
    from .layers import is_scriptable, is_exportable, set_scriptable, set_exportable
  File "/home/kana5123/miniconda3/envs/simpler/lib/python3.10/site-packages/timm/layers/__init__.py", line 7, in <module>
    from .classifier import ClassifierHead, create_classifier, NormMlpClassifierHead
  File "/home/kana5123/miniconda3/envs/simpler/lib/python3.10/site-packages/timm/layers/classifier.py", line 15, in <module>
    from .create_norm import get_norm_layer
  File "/home/kana5123/miniconda3/envs/simpler/lib/python3.10/site-packages/timm/layers/create_norm.py", line 14, in <module>
    from torchvision.ops.misc import FrozenBatchNorm2d
  File "/home/kana5123/.local/lib/python3.10/site-packages/torchvision/__init__.py", line 10, in <module>
    from torchvision import _meta_registrations, datasets, io, models, ops, transforms, utils  # usort:skip
  File "/home/kana5123/.local/lib/python3.10/site-packages/torchvision/_meta_registrations.py", line 163, in <module>
    @torch.library.register_fake("torchvision::nms")
AttributeError: module 'torch.library' has no attribute 'register_fake'
2026-02-27 07:31:29.909088: I tensorflow/core/util/port.cc:153] oneDNN custom operations are on. You may see slightly different numerical results due to floating-point round-off errors from different computation orders. To turn them off, set the environment variable `TF_ENABLE_ONEDNN_OPTS=0`.
2026-02-27 07:31:29.975186: I tensorflow/core/platform/cpu_feature_guard.cc:210] This TensorFlow binary is optimized to use available CPU instructions in performance-critical operations.
To enable the following instructions: AVX2 AVX512F AVX512_VNNI AVX512_BF16 AVX512_FP16 AVX_VNNI AMX_TILE AMX_INT8 AMX_BF16 FMA, in other operations, rebuild TensorFlow with the appropriate compiler flags.
2026-02-27 07:31:31.385476: I tensorflow/core/util/port.cc:153] oneDNN custom operations are on. You may see slightly different numerical results due to floating-point round-off errors from different computation orders. To turn them off, set the environment variable `TF_ENABLE_ONEDNN_OPTS=0`.
/home/kana5123/miniconda3/envs/simpler/lib/python3.10/site-packages/sapien/core/renderer_config.py:4: UserWarning: pkg_resources is deprecated as an API. See https://setuptools.pypa.io/en/latest/pkg_resources.html. The pkg_resources package is slated for removal as early as 2025-11-30. Refrain from using this package or pin to Setuptools<81.
  import pkg_resources
WARNING: All log messages before absl::InitializeLog() is called are written to STDERR
W0000 00:00:1772177493.177090 3087229 gpu_device.cc:2342] Cannot dlopen some GPU libraries. Please make sure the missing libraries mentioned above are installed properly if you would like to use GPU. Follow the guide at https://www.tensorflow.org/install/gpu for how to download and setup the required libraries for your platform.
Skipping registering GPU devices...
/home/kana5123/miniconda3/envs/simpler/lib/python3.10/site-packages/huggingface_hub/file_download.py:949: FutureWarning: `resume_download` is deprecated and will be removed in version 1.0.0. Downloads always resume when possible. If you want to force a new download, use `force_download=True`.
  warnings.warn(
Octo is not correctly imported.
No module named 'jax'
**** openvla ****
*** policy_setup: google_robot, unnorm_key: fractal20220817_data ***
Traceback (most recent call last):
  File "/home/kana5123/capston/external/SimplerEnv-OpenVLA/simpler_env/main_inference.py", line 58, in <module>
    model = OpenVLAInference(
  File "/home/kana5123/capston/external/SimplerEnv-OpenVLA/simpler_env/policies/openvla/openvla_model.py", line 39, in __init__
    self.processor = AutoProcessor.from_pretrained(saved_model_path, trust_remote_code=True)
  File "/home/kana5123/miniconda3/envs/simpler/lib/python3.10/site-packages/transformers/models/auto/processing_auto.py", line 304, in from_pretrained
    processor_class = get_class_from_dynamic_module(
  File "/home/kana5123/miniconda3/envs/simpler/lib/python3.10/site-packages/transformers/dynamic_module_utils.py", line 489, in get_class_from_dynamic_module
    final_module = get_cached_module_file(
  File "/home/kana5123/miniconda3/envs/simpler/lib/python3.10/site-packages/transformers/dynamic_module_utils.py", line 315, in get_cached_module_file
    modules_needed = check_imports(resolved_module_file)
  File "/home/kana5123/miniconda3/envs/simpler/lib/python3.10/site-packages/transformers/dynamic_module_utils.py", line 175, in check_imports
    importlib.import_module(imp)
  File "/home/kana5123/miniconda3/envs/simpler/lib/python3.10/importlib/__init__.py", line 126, in import_module
    return _bootstrap._gcd_import(name[level:], package, level)
  File "<frozen importlib._bootstrap>", line 1050, in _gcd_import
  File "<frozen importlib._bootstrap>", line 1027, in _find_and_load
  File "<frozen importlib._bootstrap>", line 1006, in _find_and_load_unlocked
  File "<frozen importlib._bootstrap>", line 688, in _load_unlocked
  File "<frozen importlib._bootstrap_external>", line 883, in exec_module
  File "<frozen importlib._bootstrap>", line 241, in _call_with_frames_removed
  File "/home/kana5123/.local/lib/python3.10/site-packages/torchvision/__init__.py", line 10, in <module>
    from torchvision import _meta_registrations, datasets, io, models, ops, transforms, utils  # usort:skip
  File "/home/kana5123/.local/lib/python3.10/site-packages/torchvision/_meta_registrations.py", line 163, in <module>
    @torch.library.register_fake("torchvision::nms")
AttributeError: module 'torch.library' has no attribute 'register_fake'
2026-02-27 07:31:37.876152: I tensorflow/core/util/port.cc:153] oneDNN custom operations are on. You may see slightly different numerical results due to floating-point round-off errors from different computation orders. To turn them off, set the environment variable `TF_ENABLE_ONEDNN_OPTS=0`.
2026-02-27 07:31:37.937390: I tensorflow/core/platform/cpu_feature_guard.cc:210] This TensorFlow binary is optimized to use available CPU instructions in performance-critical operations.
To enable the following instructions: AVX2 AVX512F AVX512_VNNI AVX512_BF16 AVX512_FP16 AVX_VNNI AMX_TILE AMX_INT8 AMX_BF16 FMA, in other operations, rebuild TensorFlow with the appropriate compiler flags.
2026-02-27 07:31:39.300074: I tensorflow/core/util/port.cc:153] oneDNN custom operations are on. You may see slightly different numerical results due to floating-point round-off errors from different computation orders. To turn them off, set the environment variable `TF_ENABLE_ONEDNN_OPTS=0`.
/home/kana5123/miniconda3/envs/simpler/lib/python3.10/site-packages/sapien/core/renderer_config.py:4: UserWarning: pkg_resources is deprecated as an API. See https://setuptools.pypa.io/en/latest/pkg_resources.html. The pkg_resources package is slated for removal as early as 2025-11-30. Refrain from using this package or pin to Setuptools<81.
  import pkg_resources
WARNING: All log messages before absl::InitializeLog() is called are written to STDERR
W0000 00:00:1772177501.094049 3087701 gpu_device.cc:2342] Cannot dlopen some GPU libraries. Please make sure the missing libraries mentioned above are installed properly if you would like to use GPU. Follow the guide at https://www.tensorflow.org/install/gpu for how to download and setup the required libraries for your platform.
Skipping registering GPU devices...
/home/kana5123/miniconda3/envs/simpler/lib/python3.10/site-packages/huggingface_hub/file_download.py:949: FutureWarning: `resume_download` is deprecated and will be removed in version 1.0.0. Downloads always resume when possible. If you want to force a new download, use `force_download=True`.
  warnings.warn(
Octo is not correctly imported.
No module named 'jax'
**** openvla ****
*** policy_setup: google_robot, unnorm_key: fractal20220817_data ***
Traceback (most recent call last):
  File "/home/kana5123/capston/external/SimplerEnv-OpenVLA/simpler_env/main_inference.py", line 58, in <module>
    model = OpenVLAInference(
  File "/home/kana5123/capston/external/SimplerEnv-OpenVLA/simpler_env/policies/openvla/openvla_model.py", line 39, in __init__
    self.processor = AutoProcessor.from_pretrained(saved_model_path, trust_remote_code=True)
  File "/home/kana5123/miniconda3/envs/simpler/lib/python3.10/site-packages/transformers/models/auto/processing_auto.py", line 304, in from_pretrained
    processor_class = get_class_from_dynamic_module(
  File "/home/kana5123/miniconda3/envs/simpler/lib/python3.10/site-packages/transformers/dynamic_module_utils.py", line 489, in get_class_from_dynamic_module
    final_module = get_cached_module_file(
  File "/home/kana5123/miniconda3/envs/simpler/lib/python3.10/site-packages/transformers/dynamic_module_utils.py", line 315, in get_cached_module_file
    modules_needed = check_imports(resolved_module_file)
  File "/home/kana5123/miniconda3/envs/simpler/lib/python3.10/site-packages/transformers/dynamic_module_utils.py", line 175, in check_imports
    importlib.import_module(imp)
  File "/home/kana5123/miniconda3/envs/simpler/lib/python3.10/importlib/__init__.py", line 126, in import_module
    return _bootstrap._gcd_import(name[level:], package, level)
  File "<frozen importlib._bootstrap>", line 1050, in _gcd_import
  File "<frozen importlib._bootstrap>", line 1027, in _find_and_load
  File "<frozen importlib._bootstrap>", line 1006, in _find_and_load_unlocked
  File "<frozen importlib._bootstrap>", line 688, in _load_unlocked
  File "<frozen importlib._bootstrap_external>", line 883, in exec_module
  File "<frozen importlib._bootstrap>", line 241, in _call_with_frames_removed
  File "/home/kana5123/miniconda3/envs/simpler/lib/python3.10/site-packages/timm/__init__.py", line 2, in <module>
    from .layers import is_scriptable, is_exportable, set_scriptable, set_exportable
  File "/home/kana5123/miniconda3/envs/simpler/lib/python3.10/site-packages/timm/layers/__init__.py", line 7, in <module>
    from .classifier import ClassifierHead, create_classifier, NormMlpClassifierHead
  File "/home/kana5123/miniconda3/envs/simpler/lib/python3.10/site-packages/timm/layers/classifier.py", line 15, in <module>
    from .create_norm import get_norm_layer
  File "/home/kana5123/miniconda3/envs/simpler/lib/python3.10/site-packages/timm/layers/create_norm.py", line 14, in <module>
    from torchvision.ops.misc import FrozenBatchNorm2d
  File "/home/kana5123/.local/lib/python3.10/site-packages/torchvision/__init__.py", line 10, in <module>
    from torchvision import _meta_registrations, datasets, io, models, ops, transforms, utils  # usort:skip
  File "/home/kana5123/.local/lib/python3.10/site-packages/torchvision/_meta_registrations.py", line 163, in <module>
    @torch.library.register_fake("torchvision::nms")
AttributeError: module 'torch.library' has no attribute 'register_fake'
2026-02-27 07:31:45.753758: I tensorflow/core/util/port.cc:153] oneDNN custom operations are on. You may see slightly different numerical results due to floating-point round-off errors from different computation orders. To turn them off, set the environment variable `TF_ENABLE_ONEDNN_OPTS=0`.
2026-02-27 07:31:45.814981: I tensorflow/core/platform/cpu_feature_guard.cc:210] This TensorFlow binary is optimized to use available CPU instructions in performance-critical operations.
To enable the following instructions: AVX2 AVX512F AVX512_VNNI AVX512_BF16 AVX512_FP16 AVX_VNNI AMX_TILE AMX_INT8 AMX_BF16 FMA, in other operations, rebuild TensorFlow with the appropriate compiler flags.
2026-02-27 07:31:47.223228: I tensorflow/core/util/port.cc:153] oneDNN custom operations are on. You may see slightly different numerical results due to floating-point round-off errors from different computation orders. To turn them off, set the environment variable `TF_ENABLE_ONEDNN_OPTS=0`.
/home/kana5123/miniconda3/envs/simpler/lib/python3.10/site-packages/sapien/core/renderer_config.py:4: UserWarning: pkg_resources is deprecated as an API. See https://setuptools.pypa.io/en/latest/pkg_resources.html. The pkg_resources package is slated for removal as early as 2025-11-30. Refrain from using this package or pin to Setuptools<81.
  import pkg_resources
WARNING: All log messages before absl::InitializeLog() is called are written to STDERR
W0000 00:00:1772177509.132431 3088103 gpu_device.cc:2342] Cannot dlopen some GPU libraries. Please make sure the missing libraries mentioned above are installed properly if you would like to use GPU. Follow the guide at https://www.tensorflow.org/install/gpu for how to download and setup the required libraries for your platform.
Skipping registering GPU devices...
/home/kana5123/miniconda3/envs/simpler/lib/python3.10/site-packages/huggingface_hub/file_download.py:949: FutureWarning: `resume_download` is deprecated and will be removed in version 1.0.0. Downloads always resume when possible. If you want to force a new download, use `force_download=True`.
  warnings.warn(
Octo is not correctly imported.
No module named 'jax'
**** openvla ****
*** policy_setup: google_robot, unnorm_key: fractal20220817_data ***
Traceback (most recent call last):
  File "/home/kana5123/capston/external/SimplerEnv-OpenVLA/simpler_env/main_inference.py", line 58, in <module>
    model = OpenVLAInference(
  File "/home/kana5123/capston/external/SimplerEnv-OpenVLA/simpler_env/policies/openvla/openvla_model.py", line 39, in __init__
    self.processor = AutoProcessor.from_pretrained(saved_model_path, trust_remote_code=True)
  File "/home/kana5123/miniconda3/envs/simpler/lib/python3.10/site-packages/transformers/models/auto/processing_auto.py", line 304, in from_pretrained
    processor_class = get_class_from_dynamic_module(
  File "/home/kana5123/miniconda3/envs/simpler/lib/python3.10/site-packages/transformers/dynamic_module_utils.py", line 489, in get_class_from_dynamic_module
    final_module = get_cached_module_file(
  File "/home/kana5123/miniconda3/envs/simpler/lib/python3.10/site-packages/transformers/dynamic_module_utils.py", line 315, in get_cached_module_file
    modules_needed = check_imports(resolved_module_file)
  File "/home/kana5123/miniconda3/envs/simpler/lib/python3.10/site-packages/transformers/dynamic_module_utils.py", line 175, in check_imports
    importlib.import_module(imp)
  File "/home/kana5123/miniconda3/envs/simpler/lib/python3.10/importlib/__init__.py", line 126, in import_module
    return _bootstrap._gcd_import(name[level:], package, level)
  File "<frozen importlib._bootstrap>", line 1050, in _gcd_import
  File "<frozen importlib._bootstrap>", line 1027, in _find_and_load
  File "<frozen importlib._bootstrap>", line 1006, in _find_and_load_unlocked
  File "<frozen importlib._bootstrap>", line 688, in _load_unlocked
  File "<frozen importlib._bootstrap_external>", line 883, in exec_module
  File "<frozen importlib._bootstrap>", line 241, in _call_with_frames_removed
  File "/home/kana5123/.local/lib/python3.10/site-packages/torchvision/__init__.py", line 10, in <module>
    from torchvision import _meta_registrations, datasets, io, models, ops, transforms, utils  # usort:skip
  File "/home/kana5123/.local/lib/python3.10/site-packages/torchvision/_meta_registrations.py", line 163, in <module>
    @torch.library.register_fake("torchvision::nms")
AttributeError: module 'torch.library' has no attribute 'register_fake'
SimplerEnv Evaluation — 20260227_073121
  Model:      openvla (openvla/openvla-7b)
  Tasks:      ['move_near']
  Device:     GPU 7
  Output dir: /home/kana5123/ATLASVLA/outputs/phase3_gate/simplerenv/openvla

======================================================================
  Task:    move_near — Move object near target (visual matching)
  Model:   openvla (ckpt: openvla/openvla-7b)
  Device:  GPU 7
  LogDir:  /home/kana5123/ATLASVLA/outputs/phase3_gate/simplerenv/openvla/move_near
  Command: bash scripts/move_near_visual_matching.sh openvla/openvla-7b openvla -0.8 /home/kana5123/ATLASVLA/outputs/phase3_gate/simplerenv/openvla/move_near 7
======================================================================


  [move_near] Process exited with code 1 (31.6s elapsed)
  [move_near] Result: 0/0 (success rate: N/A)

======================================================================
  SimplerEnv Evaluation Summary — openvla
======================================================================
  Task                  Success     Fail    Total       Rate
  -------------------- -------- -------- -------- ----------
  move_near                   0        0        0        N/A
  -------------------- -------- -------- -------- ----------
  OVERALL                     0        0        0        N/A
======================================================================

Results saved to: /home/kana5123/ATLASVLA/outputs/phase3_gate/simplerenv/openvla/results.json

WARNING: One or more tasks exited with a non-zero return code.
