Using a slow image processor as `use_fast` is unset and a slow processor was saved with this model. `use_fast=True` will be the default behavior in v4.52, even if the model was saved with a slow processor. This will result in minor differences in outputs. You'll still be able to use a slow processor with `use_fast=False`.
`torch_dtype` is deprecated! Use `dtype` instead!

============================================================
  Adaptive Routing Pipeline
  Model: spatialvla-4b
  Mode:  both
  Output: /home/kana5123/ATLASVLA/outputs/phase3_gate/adaptive/spatialvla-4b
============================================================

Loading spatialvla-4b...
Loading model from registry: spatialvla-4b (IPEC-COMMUNITY/spatialvla-4b-224-pt)
  Architecture: gemma2, Auto class: AutoModel
  Applied SpatialVLA monkey-patch: _validate_images_text_input_order
Loading checkpoint shards:   0%|          | 0/2 [00:00<?, ?it/s]Loading checkpoint shards:  50%|█████     | 1/2 [00:00<00:00,  4.79it/s]Loading checkpoint shards: 100%|██████████| 2/2 [00:00<00:00,  4.21it/s]Loading checkpoint shards: 100%|██████████| 2/2 [00:00<00:00,  4.29it/s]
  Loaded: 26L x 8H, hidden=2304, dtype=bfloat16
  Layers path: language_model.model.layers
Model loaded successfully.
Loading samples from /home/kana5123/ATLASVLA/outputs/phase3_gate/spatialvla-4b/sample_list.json...
  Loaded 20 samples
  Deep layers: [16, 17, 18, 19, 20, 21, 22, 23, 24, 25]
  Text input_ids length: 270
  Full sequence length (after vision expansion): 270
  Vision tokens (from seq diff): 0, Text tokens: 270
  (Processor-embedded vision tokens detected: 256 at [0:256])
  Token boundaries: {'vision_start': 0, 'vision_end': 256, 'text_start': 256, 'text_end': 270, 'total_seq_len': 270, 'num_vision_tokens': 256, 'num_text_tokens': 270, 'pre_image_tokens': 0, 'text_query_ranges': [(256, 270)], 'text_ranges': [(256, 270)]}
  Text input_ids length: 275
  Full sequence length (after vision expansion): 275
  Vision tokens (from seq diff): 0, Text tokens: 275
  (Processor-embedded vision tokens detected: 256 at [0:256])
  Token boundaries: {'vision_start': 0, 'vision_end': 256, 'text_start': 256, 'text_end': 275, 'total_seq_len': 275, 'num_vision_tokens': 256, 'num_text_tokens': 275, 'pre_image_tokens': 0, 'text_query_ranges': [(256, 275)], 'text_ranges': [(256, 275)]}
  Text input_ids length: 271
  Full sequence length (after vision expansion): 271
  Vision tokens (from seq diff): 0, Text tokens: 271
  (Processor-embedded vision tokens detected: 256 at [0:256])
  Token boundaries: {'vision_start': 0, 'vision_end': 256, 'text_start': 256, 'text_end': 271, 'total_seq_len': 271, 'num_vision_tokens': 256, 'num_text_tokens': 271, 'pre_image_tokens': 0, 'text_query_ranges': [(256, 271)], 'text_ranges': [(256, 271)]}
  Text input_ids length: 273
  Full sequence length (after vision expansion): 273
  Vision tokens (from seq diff): 0, Text tokens: 273
  (Processor-embedded vision tokens detected: 256 at [0:256])
  Token boundaries: {'vision_start': 0, 'vision_end': 256, 'text_start': 256, 'text_end': 273, 'total_seq_len': 273, 'num_vision_tokens': 256, 'num_text_tokens': 273, 'pre_image_tokens': 0, 'text_query_ranges': [(256, 273)], 'text_ranges': [(256, 273)]}
  Text input_ids length: 271
  Full sequence length (after vision expansion): 271
  Vision tokens (from seq diff): 0, Text tokens: 271
  (Processor-embedded vision tokens detected: 256 at [0:256])
  Token boundaries: {'vision_start': 0, 'vision_end': 256, 'text_start': 256, 'text_end': 271, 'total_seq_len': 271, 'num_vision_tokens': 256, 'num_text_tokens': 271, 'pre_image_tokens': 0, 'text_query_ranges': [(256, 271)], 'text_ranges': [(256, 271)]}
  Text input_ids length: 281
  Full sequence length (after vision expansion): 281
  Vision tokens (from seq diff): 0, Text tokens: 281
  (Processor-embedded vision tokens detected: 256 at [0:256])
  Token boundaries: {'vision_start': 0, 'vision_end': 256, 'text_start': 256, 'text_end': 281, 'total_seq_len': 281, 'num_vision_tokens': 256, 'num_text_tokens': 281, 'pre_image_tokens': 0, 'text_query_ranges': [(256, 281)], 'text_ranges': [(256, 281)]}
  Text input_ids length: 267
  Full sequence length (after vision expansion): 267
  Vision tokens (from seq diff): 0, Text tokens: 267
  (Processor-embedded vision tokens detected: 256 at [0:256])
  Token boundaries: {'vision_start': 0, 'vision_end': 256, 'text_start': 256, 'text_end': 267, 'total_seq_len': 267, 'num_vision_tokens': 256, 'num_text_tokens': 267, 'pre_image_tokens': 0, 'text_query_ranges': [(256, 267)], 'text_ranges': [(256, 267)]}
  Text input_ids length: 271
  Full sequence length (after vision expansion): 271
  Vision tokens (from seq diff): 0, Text tokens: 271
  (Processor-embedded vision tokens detected: 256 at [0:256])
  Token boundaries: {'vision_start': 0, 'vision_end': 256, 'text_start': 256, 'text_end': 271, 'total_seq_len': 271, 'num_vision_tokens': 256, 'num_text_tokens': 271, 'pre_image_tokens': 0, 'text_query_ranges': [(256, 271)], 'text_ranges': [(256, 271)]}
  Text input_ids length: 273
  Full sequence length (after vision expansion): 273
  Vision tokens (from seq diff): 0, Text tokens: 273
  (Processor-embedded vision tokens detected: 256 at [0:256])
  Token boundaries: {'vision_start': 0, 'vision_end': 256, 'text_start': 256, 'text_end': 273, 'total_seq_len': 273, 'num_vision_tokens': 256, 'num_text_tokens': 273, 'pre_image_tokens': 0, 'text_query_ranges': [(256, 273)], 'text_ranges': [(256, 273)]}
  Text input_ids length: 269
  Full sequence length (after vision expansion): 269
  Vision tokens (from seq diff): 0, Text tokens: 269
  (Processor-embedded vision tokens detected: 256 at [0:256])
  Token boundaries: {'vision_start': 0, 'vision_end': 256, 'text_start': 256, 'text_end': 269, 'total_seq_len': 269, 'num_vision_tokens': 256, 'num_text_tokens': 269, 'pre_image_tokens': 0, 'text_query_ranges': [(256, 269)], 'text_ranges': [(256, 269)]}
  Text input_ids length: 271
  Full sequence length (after vision expansion): 271
  Vision tokens (from seq diff): 0, Text tokens: 271
  (Processor-embedded vision tokens detected: 256 at [0:256])
  Token boundaries: {'vision_start': 0, 'vision_end': 256, 'text_start': 256, 'text_end': 271, 'total_seq_len': 271, 'num_vision_tokens': 256, 'num_text_tokens': 271, 'pre_image_tokens': 0, 'text_query_ranges': [(256, 271)], 'text_ranges': [(256, 271)]}
  Text input_ids length: 267
  Full sequence length (after vision expansion): 267
  Vision tokens (from seq diff): 0, Text tokens: 267
  (Processor-embedded vision tokens detected: 256 at [0:256])
  Token boundaries: {'vision_start': 0, 'vision_end': 256, 'text_start': 256, 'text_end': 267, 'total_seq_len': 267, 'num_vision_tokens': 256, 'num_text_tokens': 267, 'pre_image_tokens': 0, 'text_query_ranges': [(256, 267)], 'text_ranges': [(256, 267)]}
  Text input_ids length: 266
  Full sequence length (after vision expansion): 266
  Vision tokens (from seq diff): 0, Text tokens: 266
  (Processor-embedded vision tokens detected: 256 at [0:256])
  Token boundaries: {'vision_start': 0, 'vision_end': 256, 'text_start': 256, 'text_end': 266, 'total_seq_len': 266, 'num_vision_tokens': 256, 'num_text_tokens': 266, 'pre_image_tokens': 0, 'text_query_ranges': [(256, 266)], 'text_ranges': [(256, 266)]}
  Text input_ids length: 275
  Full sequence length (after vision expansion): 275
  Vision tokens (from seq diff): 0, Text tokens: 275
  (Processor-embedded vision tokens detected: 256 at [0:256])
  Token boundaries: {'vision_start': 0, 'vision_end': 256, 'text_start': 256, 'text_end': 275, 'total_seq_len': 275, 'num_vision_tokens': 256, 'num_text_tokens': 275, 'pre_image_tokens': 0, 'text_query_ranges': [(256, 275)], 'text_ranges': [(256, 275)]}
  Text input_ids length: 268
  Full sequence length (after vision expansion): 268
  Vision tokens (from seq diff): 0, Text tokens: 268
  (Processor-embedded vision tokens detected: 256 at [0:256])
  Token boundaries: {'vision_start': 0, 'vision_end': 256, 'text_start': 256, 'text_end': 268, 'total_seq_len': 268, 'num_vision_tokens': 256, 'num_text_tokens': 268, 'pre_image_tokens': 0, 'text_query_ranges': [(256, 268)], 'text_ranges': [(256, 268)]}
  Text input_ids length: 272
  Full sequence length (after vision expansion): 272
  Vision tokens (from seq diff): 0, Text tokens: 272
  (Processor-embedded vision tokens detected: 256 at [0:256])
  Token boundaries: {'vision_start': 0, 'vision_end': 256, 'text_start': 256, 'text_end': 272, 'total_seq_len': 272, 'num_vision_tokens': 256, 'num_text_tokens': 272, 'pre_image_tokens': 0, 'text_query_ranges': [(256, 272)], 'text_ranges': [(256, 272)]}
  Text input_ids length: 266
  Full sequence length (after vision expansion): 266
  Vision tokens (from seq diff): 0, Text tokens: 266
  (Processor-embedded vision tokens detected: 256 at [0:256])
  Token boundaries: {'vision_start': 0, 'vision_end': 256, 'text_start': 256, 'text_end': 266, 'total_seq_len': 266, 'num_vision_tokens': 256, 'num_text_tokens': 266, 'pre_image_tokens': 0, 'text_query_ranges': [(256, 266)], 'text_ranges': [(256, 266)]}
  Text input_ids length: 275
  Full sequence length (after vision expansion): 275
  Vision tokens (from seq diff): 0, Text tokens: 275
  (Processor-embedded vision tokens detected: 256 at [0:256])
  Token boundaries: {'vision_start': 0, 'vision_end': 256, 'text_start': 256, 'text_end': 275, 'total_seq_len': 275, 'num_vision_tokens': 256, 'num_text_tokens': 275, 'pre_image_tokens': 0, 'text_query_ranges': [(256, 275)], 'text_ranges': [(256, 275)]}
  Text input_ids length: 280
  Full sequence length (after vision expansion): 280
  Vision tokens (from seq diff): 0, Text tokens: 280
  (Processor-embedded vision tokens detected: 256 at [0:256])
  Token boundaries: {'vision_start': 0, 'vision_end': 256, 'text_start': 256, 'text_end': 280, 'total_seq_len': 280, 'num_vision_tokens': 256, 'num_text_tokens': 280, 'pre_image_tokens': 0, 'text_query_ranges': [(256, 280)], 'text_ranges': [(256, 280)]}
  Text input_ids length: 278
  Full sequence length (after vision expansion): 278
  Vision tokens (from seq diff): 0, Text tokens: 278
  (Processor-embedded vision tokens detected: 256 at [0:256])
  Token boundaries: {'vision_start': 0, 'vision_end': 256, 'text_start': 256, 'text_end': 278, 'total_seq_len': 278, 'num_vision_tokens': 256, 'num_text_tokens': 278, 'pre_image_tokens': 0, 'text_query_ranges': [(256, 278)], 'text_ranges': [(256, 278)]}
  Anchor targets: [{'target_abs': 225, 'mode': 'A_mode', 'anchor_rel': 225, 'is_anchored': True}]

============================================================
  Adaptive Router: Diagnosing spatialvla-4b
  Using 3 samples, deep layers: [16, 17, 18, 19, 20, 21, 22, 23, 24, 25]
============================================================
  Anchor targets: [{'target_abs': 225, 'mode': 'A_mode', 'anchor_rel': 225, 'is_anchored': True}]
  Has coexist (A-peak != C-peak): False
    D3 [1/3] KL=0.165 flip=False
    D3 [2/3] KL=0.270 flip=True
    D3 [3/3] KL=0.713 flip=False
  No known sink dims for gemma2, skipping phi

  ==================================================
  DIAGNOSIS: NORMAL
  ==================================================
  D3 KL (mean) = 0.3826
  Flip rate    = 0.3333
  Has coexist  = False
  Phi (mean)   = 0.0000
  Recommended  = var {'p': 0.6}
  ==================================================

  Diagnosis saved to /home/kana5123/ATLASVLA/outputs/phase3_gate/adaptive/spatialvla-4b/diagnosis.json
  Installed VARValueHook(p=0.6) at sink=[225]
  Removed 1 hook(s)

============================================================
  Full D2 Comparison: spatialvla-4b
  Testing 10 configs on 20 samples
============================================================

  --- D2 measurement: baseline ---
    [1/20] D2=1.00 H=2.554
    [5/20] D2=0.60 H=2.444
    [10/20] D2=0.40 H=5.361
    [15/20] D2=1.00 H=5.805
    [20/20] D2=1.00 H=3.827
  baseline: D2=0.7900, H=3.2826

  --- D2 measurement: VAR_p0.3 ---
    [1/20] D2=1.00 H=2.246
    [5/20] D2=0.60 H=2.213
    [10/20] D2=0.40 H=5.272
    [15/20] D2=1.00 H=5.177
    [20/20] D2=1.00 H=3.641
  VAR_p0.3: D2=0.7800, H=3.0835

  --- D2 measurement: VAR_p0.6 ---
    [1/20] D2=1.00 H=2.031
    [5/20] D2=0.80 H=2.106
    [10/20] D2=0.20 H=5.078
    [15/20] D2=1.00 H=4.298
    [20/20] D2=1.00 H=3.526
  VAR_p0.6: D2=0.8300, H=2.9264

  --- D2 measurement: VAR_p0.9 ---
    [1/20] D2=1.00 H=1.881
    [5/20] D2=0.80 H=2.047
    [10/20] D2=0.40 H=4.973
    [15/20] D2=1.00 H=3.889
    [20/20] D2=1.00 H=3.426
  VAR_p0.9: D2=0.8200, H=2.8320

  --- D2 measurement: Kscale_a0.0 ---
    [1/20] D2=0.80 H=3.085
    [5/20] D2=0.60 H=2.765
    [10/20] D2=1.00 H=5.217
    [15/20] D2=0.80 H=6.024
    [20/20] D2=0.60 H=4.377
  Kscale_a0.0: D2=0.7700, H=3.6926

  --- D2 measurement: Kscale_a0.1 ---
    [1/20] D2=0.80 H=3.010
    [5/20] D2=0.80 H=2.716
    [10/20] D2=0.80 H=5.257
    [15/20] D2=0.80 H=5.907
    [20/20] D2=0.80 H=4.343
  Kscale_a0.1: D2=0.7800, H=3.6362

  --- D2 measurement: Kscale_a0.3 ---
    [1/20] D2=1.00 H=2.858
    [5/20] D2=0.80 H=2.694
    [10/20] D2=0.80 H=5.304
    [15/20] D2=0.80 H=5.846
    [20/20] D2=1.00 H=4.201
  Kscale_a0.3: D2=0.8100, H=3.5528

  --- D2 measurement: hybrid_p0.6_a0.3 ---
    [1/20] D2=1.00 H=1.993
    [5/20] D2=0.80 H=1.833
    [10/20] D2=0.80 H=5.169
    [15/20] D2=0.60 H=4.425
    [20/20] D2=1.00 H=3.001
  hybrid_p0.6_a0.3: D2=0.8200, H=2.7476

  --- D2 measurement: hybrid_p0.9_a0.0 ---
    [1/20] D2=1.00 H=1.579
    [5/20] D2=0.80 H=1.529
    [10/20] D2=0.80 H=5.009
    [15/20] D2=0.80 H=3.060
    [20/20] D2=1.00 H=2.001
  hybrid_p0.9_a0.0: D2=0.7900, H=2.2478

  --- D2 measurement: hybrid_p0.3_a0.1 ---
    [1/20] D2=1.00 H=2.411
    [5/20] D2=0.80 H=2.153
    [10/20] D2=0.80 H=5.210
    [15/20] D2=0.60 H=5.273
    [20/20] D2=1.00 H=3.637
  hybrid_p0.3_a0.1: D2=0.8000, H=3.1568

  --- D2 measurement: VAR_p0.6 ---
    [1/20] D2=1.00 H=2.031
    [5/20] D2=0.80 H=2.106
    [10/20] D2=0.20 H=5.078
    [15/20] D2=1.00 H=4.298
    [20/20] D2=1.00 H=3.526
  VAR_p0.6: D2=0.8300, H=2.9264

============================================================
  COMPARISON TABLE: spatialvla-4b
============================================================
  Config                             D2      dD2        H
  ----------------------------------------------------
  baseline                       0.7900  +0.0000   3.2826
  VAR_p0.3                       0.7800  -0.0100   3.0835
  VAR_p0.6                       0.8300  +0.0400   2.9264
  VAR_p0.9                       0.8200  +0.0300   2.8320
  Kscale_a0.0                    0.7700  -0.0200   3.6926
  Kscale_a0.1                    0.7800  -0.0100   3.6362
  Kscale_a0.3                    0.8100  +0.0200   3.5528
  hybrid_p0.6_a0.3               0.8200  +0.0300   2.7476
  hybrid_p0.9_a0.0               0.7900  +0.0000   2.2478
  hybrid_p0.3_a0.1               0.8000  +0.0100   3.1568
  *AUTO* VAR_p0.6                0.8300  +0.0400   2.9264

  Best config: VAR_p0.6 (D2=0.8300)
  Auto-selected: VAR_p0.6 (D2=0.8300, delta=+0.0400)

  Comparison saved to /home/kana5123/ATLASVLA/outputs/phase3_gate/adaptive/spatialvla-4b/comparison.json

Done. Results in: /home/kana5123/ATLASVLA/outputs/phase3_gate/adaptive/spatialvla-4b
