2026-02-19 00:15:33.899840: I tensorflow/core/util/port.cc:153] oneDNN custom operations are on. You may see slightly different numerical results due to floating-point round-off errors from different computation orders. To turn them off, set the environment variable `TF_ENABLE_ONEDNN_OPTS=0`.
2026-02-19 00:15:33.953950: I tensorflow/core/platform/cpu_feature_guard.cc:210] This TensorFlow binary is optimized to use available CPU instructions in performance-critical operations.
To enable the following instructions: AVX2 AVX512F AVX512_VNNI AVX512_BF16 AVX512_FP16 AVX_VNNI AMX_TILE AMX_INT8 AMX_BF16 FMA, in other operations, rebuild TensorFlow with the appropriate compiler flags.
2026-02-19 00:15:35.486034: I tensorflow/core/util/port.cc:153] oneDNN custom operations are on. You may see slightly different numerical results due to floating-point round-off errors from different computation orders. To turn them off, set the environment variable `TF_ENABLE_ONEDNN_OPTS=0`.
Expected `transformers==4.40.1` and `tokenizers==0.19.1` but got `transformers==4.46.3` and `tokenizers==0.20.3`; there might be inference-time regressions due to dependency changes. If in doubt, pleaseuse the above versions.
Loading frozen OpenVLA model...
Loading model: openvla/openvla-7b
Loading checkpoint shards:   0%|          | 0/3 [00:00<?, ?it/s]Loading checkpoint shards:  33%|███▎      | 1/3 [00:00<00:01,  1.86it/s]Loading checkpoint shards:  67%|██████▋   | 2/3 [00:00<00:00,  2.55it/s]Loading checkpoint shards: 100%|██████████| 3/3 [00:01<00:00,  3.06it/s]Loading checkpoint shards: 100%|██████████| 3/3 [00:01<00:00,  2.78it/s]
2026-02-19 00:16:02.248446: I tensorflow/core/kernels/data/tf_record_dataset_op.cc:396] The default buffer size is 262144, which is overridden by the user specified `buffer_size` of 8388608
2026-02-19 00:16:02.434881: I tensorflow/core/framework/local_rendezvous.cc:407] Local rendezvous is aborting with status: OUT_OF_RANGE: End of sequence
2026-02-19 00:16:02.569254: I tensorflow/core/framework/local_rendezvous.cc:407] Local rendezvous is aborting with status: OUT_OF_RANGE: End of sequence
2026-02-19 00:16:02.748185: I tensorflow/core/framework/local_rendezvous.cc:407] Local rendezvous is aborting with status: OUT_OF_RANGE: End of sequence
2026-02-19 00:16:03.293309: I tensorflow/core/framework/local_rendezvous.cc:407] Local rendezvous is aborting with status: OUT_OF_RANGE: End of sequence
2026-02-19 00:16:04.272149: I tensorflow/core/framework/local_rendezvous.cc:407] Local rendezvous is aborting with status: OUT_OF_RANGE: End of sequence
2026-02-19 00:16:07.124165: I tensorflow/core/framework/local_rendezvous.cc:407] Local rendezvous is aborting with status: OUT_OF_RANGE: End of sequence
2026-02-19 00:16:10.794134: I tensorflow/core/framework/local_rendezvous.cc:407] Local rendezvous is aborting with status: OUT_OF_RANGE: End of sequence
2026-02-19 00:16:18.184075: I tensorflow/core/framework/local_rendezvous.cc:407] Local rendezvous is aborting with status: OUT_OF_RANGE: End of sequence
2026-02-19 00:16:33.141933: I tensorflow/core/framework/local_rendezvous.cc:407] Local rendezvous is aborting with status: OUT_OF_RANGE: End of sequence
2026-02-19 00:17:02.884170: I tensorflow/core/framework/local_rendezvous.cc:407] Local rendezvous is aborting with status: OUT_OF_RANGE: End of sequence
2026-02-19 00:18:02.502393: I tensorflow/core/framework/local_rendezvous.cc:407] Local rendezvous is aborting with status: OUT_OF_RANGE: End of sequence
2026-02-19 00:20:01.953874: I tensorflow/core/framework/local_rendezvous.cc:407] Local rendezvous is aborting with status: OUT_OF_RANGE: End of sequence
2026-02-19 00:24:01.987700: I tensorflow/core/framework/local_rendezvous.cc:407] Local rendezvous is aborting with status: OUT_OF_RANGE: End of sequence
2026-02-19 00:32:01.601306: I tensorflow/core/framework/local_rendezvous.cc:407] Local rendezvous is aborting with status: OUT_OF_RANGE: End of sequence
